<?xml version="1.0" encoding="UTF-8"?>
<robot generator="Robot 7.0.1 (Python 3.9.6 on darwin)" generated="2024-07-11T12:52:30.774459" rpa="false" schemaversion="5">
<suite id="s1" name="TestCases" source="/Users/amirouchemadaoui/PycharmProjects/RobotFramework/TestCases">
<suite id="s1-s1" name="mouseManipulation" source="/Users/amirouchemadaoui/PycharmProjects/RobotFramework/TestCases/mouseManipulation.robot">
<test id="s1-s1-t1" name="Right click" line="9">
<kw name="Open Browser" owner="SeleniumLibrary">
<msg time="2024-07-11T12:52:30.934011" level="INFO">Opening browser 'chrome' to base url 'https://swisnl.github.io/jQuery-contextMenu/demo.html'.</msg>
<arg>${url}</arg>
<arg>${browser}</arg>
<doc>Opens a new browser instance to the optional ``url``.</doc>
<status status="PASS" start="2024-07-11T12:52:30.933619" elapsed="2.140150"/>
</kw>
<kw name="Maximize Browser Window" owner="SeleniumLibrary">
<doc>Maximizes current browser window.</doc>
<status status="PASS" start="2024-07-11T12:52:33.074734" elapsed="0.386399"/>
</kw>
<kw name="Open Context Menu" owner="SeleniumLibrary">
<arg>xpath=//span[@class='context-menu-one btn btn-neutral']</arg>
<doc>Opens the context menu on the element identified by ``locator``.</doc>
<status status="PASS" start="2024-07-11T12:52:33.461610" elapsed="0.302173"/>
</kw>
<kw name="Click Element" owner="SeleniumLibrary">
<msg time="2024-07-11T12:52:33.764373" level="INFO">Clicking element 'xpath=/html/body/ul/li[3]/span'.</msg>
<arg>xpath=/html/body/ul/li[3]/span</arg>
<doc>Click the element identified by ``locator``.</doc>
<status status="PASS" start="2024-07-11T12:52:33.764047" elapsed="0.072766"/>
</kw>
<kw name="Handle Alert" owner="SeleniumLibrary">
<msg time="2024-07-11T12:52:33.837738" level="INFO">HANDLE::&lt;class 'NoneType'&gt;::None</msg>
<arg>accept</arg>
<doc>Handles the current alert and returns its message.</doc>
<status status="PASS" start="2024-07-11T12:52:33.837202" elapsed="0.005179"/>
</kw>
<status status="PASS" start="2024-07-11T12:52:30.932480" elapsed="2.910441"/>
</test>
<test id="s1-s1-t2" name="Double click" line="20">
<kw name="Go To" owner="SeleniumLibrary">
<msg time="2024-07-11T12:52:33.867151" level="INFO">Opening url 'https://testautomationpractice.blogspot.com/'</msg>
<arg>https://testautomationpractice.blogspot.com/</arg>
<doc>Navigates the current browser window to the provided ``url``.</doc>
<status status="PASS" start="2024-07-11T12:52:33.866758" elapsed="2.188281"/>
</kw>
<kw name="Maximize Browser Window" owner="SeleniumLibrary">
<doc>Maximizes current browser window.</doc>
<status status="PASS" start="2024-07-11T12:52:36.055440" elapsed="0.005473"/>
</kw>
<kw name="Double Click Element" owner="SeleniumLibrary">
<msg time="2024-07-11T12:52:36.061824" level="INFO">Double clicking element 'xpath=//button[normalize-space()='Copy Text']'.</msg>
<arg>xpath=//button[normalize-space()='Copy Text']</arg>
<doc>Double clicks the element identified by ``locator``.</doc>
<status status="PASS" start="2024-07-11T12:52:36.061296" elapsed="0.298577"/>
</kw>
<status status="PASS" start="2024-07-11T12:52:33.846755" elapsed="2.513670"/>
</test>
<test id="s1-s1-t3" name="Drag and drop" line="25">
<kw name="Drag And Drop" owner="SeleniumLibrary">
<arg>id=draggable</arg>
<arg>id=droppable</arg>
<doc>Drags the element identified by ``locator`` into the ``target`` element.</doc>
<status status="PASS" start="2024-07-11T12:52:36.420055" elapsed="0.646243"/>
</kw>
<kw name="Get Text" owner="SeleniumLibrary">
<arg>xpath=//div[@id='droppable']</arg>
<doc>Returns the text value of the element identified by ``locator``.</doc>
<status status="PASS" start="2024-07-11T12:52:37.066654" elapsed="0.028021"/>
</kw>
<kw name="Sleep" owner="BuiltIn">
<msg time="2024-07-11T12:52:47.096935" level="INFO">Slept 10 seconds.</msg>
<arg>10</arg>
<doc>Pauses the test executed for the given time.</doc>
<status status="PASS" start="2024-07-11T12:52:37.094950" elapsed="10.002281"/>
</kw>
<status status="PASS" start="2024-07-11T12:52:36.399987" elapsed="10.697813"/>
</test>
<doc>Simple example using SeleniumLibrary.</doc>
<status status="PASS" start="2024-07-11T12:52:30.801534" elapsed="16.297071"/>
</suite>
<status status="PASS" start="2024-07-11T12:52:30.782004" elapsed="16.318048"/>
</suite>
<statistics>
<total>
<stat pass="3" fail="0" skip="0">All Tests</stat>
</total>
<tag>
</tag>
<suite>
<stat pass="3" fail="0" skip="0" id="s1" name="TestCases">TestCases</stat>
<stat pass="3" fail="0" skip="0" id="s1-s1" name="mouseManipulation">TestCases.mouseManipulation</stat>
</suite>
</statistics>
<errors>
</errors>
</robot>
