<?xml version="1.0" encoding="UTF-8"?>
<robot generator="Rebot 7.0.1 (Python 3.9.6 on darwin)" generated="2024-07-11T12:14:36.446197" rpa="false" schemaversion="5">
<suite id="s1" name="TestCases" source="/Users/amirouchemadaoui/PycharmProjects/RobotFramework/TestCases">
<suite id="s1-s1" name="Alerts" source="/Users/amirouchemadaoui/PycharmProjects/RobotFramework/TestCases/Alerts.robot">
<test id="s1-s1-t1" name="Handling Alerts" line="9">
<kw name="Open Browser" owner="SeleniumLibrary">
<msg time="2024-07-11T12:12:57.339793" level="INFO">Opening browser 'chrome' to base url 'https://seleniumpractise.blogspot.com/'.</msg>
<arg>${url}</arg>
<arg>${browser}</arg>
<doc>Opens a new browser instance to the optional ``url``.</doc>
<status status="PASS" start="2024-07-11T12:12:57.339443" elapsed="3.050773"/>
</kw>
<kw name="Click Element" owner="SeleniumLibrary">
<msg time="2024-07-11T12:13:00.392274" level="INFO">Clicking element 'xpath=//*[@id="post-body-9011060868494634961"]/button'.</msg>
<arg>xpath=//*[@id="post-body-9011060868494634961"]/button</arg>
<doc>Click the element identified by ``locator``.</doc>
<status status="PASS" start="2024-07-11T12:13:00.391135" elapsed="0.079312"/>
</kw>
<kw name="Sleep" owner="BuiltIn">
<msg time="2024-07-11T12:13:11.471518" level="INFO">Slept 11 seconds.</msg>
<arg>11</arg>
<doc>Pauses the test executed for the given time.</doc>
<status status="PASS" start="2024-07-11T12:13:00.470863" elapsed="11.000879"/>
</kw>
<kw name="Handle Alert" owner="SeleniumLibrary">
<msg time="2024-07-11T12:13:11.472907" level="INFO">HANDLE::&lt;class 'NoneType'&gt;::None</msg>
<arg>accept</arg>
<doc>Handles the current alert and returns its message.</doc>
<status status="PASS" start="2024-07-11T12:13:11.472279" elapsed="0.073403"/>
</kw>
<status status="PASS" start="2024-07-11T12:12:57.338350" elapsed="14.207911"/>
</test>
<doc>Simple example using SeleniumLibrary.</doc>
<status status="PASS" start="2024-07-11T12:12:57.208000" elapsed="14.338837"/>
</suite>
<suite id="s1-s2" name="DBTesting" source="/Users/amirouchemadaoui/PycharmProjects/RobotFramework/TestCases/DBTesting.robot">
<kw name="Connect To Database" owner="DatabaseLibrary" type="SETUP">
<msg time="2024-07-11T12:12:57.381806" level="INFO">Connecting using : pymysql.connect(db=mydb, user=root, passwd=***, host=localhost, port=3306, charset=None)</msg>
<arg>pymysql</arg>
<arg>${DBName}</arg>
<arg>${DBUser}</arg>
<arg>${DBPass}</arg>
<arg>${DBHost}</arg>
<arg>${DBPort}</arg>
<doc>Loads the DB API 2.0 module given ``dbapiModuleName`` then uses it to
connect to the database using provided parameters such as ``dbName``, ``dbUsername``, and ``dbPassword``.</doc>
<status status="PASS" start="2024-07-11T12:12:57.362879" elapsed="0.023423"/>
</kw>
<test id="s1-s2-t1" name="check if existing name in mydb.person" line="26">
<kw name="Check If Exists In Database" owner="DatabaseLibrary">
<msg time="2024-07-11T12:12:57.387442" level="INFO">Executing : Check If Exists In Database  |  select id from mydb.person where last_name="Brown"</msg>
<msg time="2024-07-11T12:12:57.387501" level="INFO">Executing : Query  |  select id from mydb.person where last_name="Brown" </msg>
<arg>select id from mydb.person where last_name="Brown"</arg>
<doc>Check if any row would be returned by given the input ``selectStatement``. If there are no results, then this will
throw an AssertionError.</doc>
<status status="PASS" start="2024-07-11T12:12:57.387177" elapsed="0.001118"/>
</kw>
<kw name="Check If Not Exists In Database" owner="DatabaseLibrary">
<msg time="2024-07-11T12:12:57.388669" level="INFO">Executing : Check If Not Exists In Database  |  select id from mydb.person where last_name="Browrn"</msg>
<msg time="2024-07-11T12:12:57.388718" level="INFO">Executing : Query  |  select id from mydb.person where last_name="Browrn" </msg>
<arg>select id from mydb.person where last_name="Browrn"</arg>
<doc>This is the negation of `check_if_exists_in_database`.</doc>
<status status="PASS" start="2024-07-11T12:12:57.388480" elapsed="0.000711"/>
</kw>
<kw name="Table Must Exist" owner="DatabaseLibrary">
<msg time="2024-07-11T12:12:57.389552" level="INFO">Executing : Table Must Exist  |  person</msg>
<msg time="2024-07-11T12:12:57.389609" level="INFO">Executing : Row Count  |  SELECT * FROM information_schema.tables WHERE table_name='person'</msg>
<arg>person</arg>
<doc>Check if the given table exists in the database.</doc>
<status status="PASS" start="2024-07-11T12:12:57.389376" elapsed="0.003071"/>
</kw>
<kw name="Row Count Is 0" owner="DatabaseLibrary">
<msg time="2024-07-11T12:12:57.392931" level="INFO">Executing : Row Count Is 0  |  select * from mydb.person where first_name="adfgdfgdfg"</msg>
<msg time="2024-07-11T12:12:57.392981" level="INFO">Executing : Row Count  |  select * from mydb.person where first_name="adfgdfgdfg"</msg>
<arg>select * from mydb.person where first_name="adfgdfgdfg"</arg>
<doc>Check if any rows are returned from the submitted ``selectStatement``. If there are, then this will throw an
AssertionError.</doc>
<status status="PASS" start="2024-07-11T12:12:57.392723" elapsed="0.000804"/>
</kw>
<kw name="Row Count Is Equal To X" owner="DatabaseLibrary">
<msg time="2024-07-11T12:12:57.393910" level="INFO">Executing : Row Count Is Equal To X  |  select * from mydb.person  |  10</msg>
<msg time="2024-07-11T12:12:57.393958" level="INFO">Executing : Row Count  |  select * from mydb.person</msg>
<msg time="2024-07-11T12:12:57.394514" level="FAIL">Expected 10 rows, but 9 were returned from: 'select * from mydb.person'</msg>
<arg>select * from mydb.person</arg>
<arg>10</arg>
<doc>Check if the number of rows returned from ``selectStatement`` is equal to the value submitted. If not, then this
will throw an AssertionError.</doc>
<status status="FAIL" start="2024-07-11T12:12:57.393727" elapsed="0.001861">Expected 10 rows, but 9 were returned from: 'select * from mydb.person'</status>
</kw>
<kw name="Row Count Is Greater Than X" owner="DatabaseLibrary">
<arg>select * from mydb.person</arg>
<arg>6</arg>
<doc>Check if the number of rows returned from ``selectStatement`` is greater than the value submitted. If not, then
this will throw an AssertionError.</doc>
<status status="NOT RUN" start="2024-07-11T12:12:57.395833" elapsed="0.000077"/>
</kw>
<kw name="Row Count Is Less Than X" owner="DatabaseLibrary">
<arg>select * from mydb.person</arg>
<arg>11</arg>
<doc>Check if the number of rows returned from ``selectStatement`` is less than the value submitted. If not, then this
will throw an AssertionError.</doc>
<status status="NOT RUN" start="2024-07-11T12:12:57.396070" elapsed="0.000064"/>
</kw>
<status status="FAIL" start="2024-07-11T12:12:57.386587" elapsed="0.009771">Expected 10 rows, but 9 were returned from: 'select * from mydb.person'</status>
</test>
<test id="s1-s2-t2" name="update record in person table" line="34">
<kw name="Execute Sql String" owner="DatabaseLibrary">
<msg time="2024-07-11T12:12:57.397296" level="INFO">Executing : Execute SQL String  |  update mydb.person set first_name="Amir" where id=4;</msg>
<msg time="2024-07-11T12:12:57.397895" level="INFO">${output} = None</msg>
<var>${output}</var>
<arg>update mydb.person set first_name="Amir" where id=4;</arg>
<doc>Executes the ``sqlString`` as a single SQL command.</doc>
<status status="PASS" start="2024-07-11T12:12:57.397097" elapsed="0.000849"/>
</kw>
<kw name="Log To Console" owner="BuiltIn">
<arg>${output}</arg>
<doc>Logs the given message to the console.</doc>
<status status="PASS" start="2024-07-11T12:12:57.398128" elapsed="0.000280"/>
</kw>
<kw name="Should Be Equal As Strings" owner="BuiltIn">
<msg time="2024-07-11T12:12:57.398805" level="INFO">Argument types are:
&lt;class 'NoneType'&gt;
&lt;class 'str'&gt;</msg>
<arg>${output}</arg>
<arg>None</arg>
<doc>Fails if objects are unequal after converting them to strings.</doc>
<status status="PASS" start="2024-07-11T12:12:57.398582" elapsed="0.000301"/>
</kw>
<status status="PASS" start="2024-07-11T12:12:57.396695" elapsed="0.002360"/>
</test>
<test id="s1-s2-t3" name="retrieve records from person table" line="38">
<kw name="Query" owner="DatabaseLibrary">
<msg time="2024-07-11T12:12:57.400015" level="INFO">Executing : Query  |  select * from mydb.person; </msg>
<msg time="2024-07-11T12:12:57.400752" level="INFO">@{queryResults} = [ (1, 'John', 'Doe') | (2, 'Jane', 'Smith') | (3, 'Alice', 'Johnson') | (4, 'Amir', 'Brown') | (5, 'Charlie', 'Davis') | (6, 'Diana', 'Evans') | (7, 'Ethan', 'Garcia') | (8, 'Fiona', 'Harris') | (10, ...</msg>
<var>@{queryResults}</var>
<arg>select * from mydb.person;</arg>
<doc>Runs a query with the ``selectStatement`` and returns the result as a list of rows.
The type of row values depends on the database module -
usually they are tuples or tuple-like objects.</doc>
<status status="PASS" start="2024-07-11T12:12:57.399756" elapsed="0.001047"/>
</kw>
<kw name="Log Many" owner="BuiltIn">
<msg time="2024-07-11T12:12:57.401207" level="INFO">(1, 'John', 'Doe')</msg>
<msg time="2024-07-11T12:12:57.401259" level="INFO">(2, 'Jane', 'Smith')</msg>
<msg time="2024-07-11T12:12:57.401298" level="INFO">(3, 'Alice', 'Johnson')</msg>
<msg time="2024-07-11T12:12:57.401337" level="INFO">(4, 'Amir', 'Brown')</msg>
<msg time="2024-07-11T12:12:57.401372" level="INFO">(5, 'Charlie', 'Davis')</msg>
<msg time="2024-07-11T12:12:57.401406" level="INFO">(6, 'Diana', 'Evans')</msg>
<msg time="2024-07-11T12:12:57.401439" level="INFO">(7, 'Ethan', 'Garcia')</msg>
<msg time="2024-07-11T12:12:57.401471" level="INFO">(8, 'Fiona', 'Harris')</msg>
<msg time="2024-07-11T12:12:57.401504" level="INFO">(10, 'Hannah', 'King')</msg>
<arg>@{queryResults}</arg>
<doc>Logs the given messages as separate entries using the INFO level.</doc>
<status status="PASS" start="2024-07-11T12:12:57.400991" elapsed="0.000564"/>
</kw>
<status status="PASS" start="2024-07-11T12:12:57.399335" elapsed="0.002395"/>
</test>
<test id="s1-s2-t4" name="Delete record from person table" line="42">
<kw name="Execute Sql String" owner="DatabaseLibrary">
<msg time="2024-07-11T12:12:57.402715" level="INFO">Executing : Execute SQL String  |  delete from mydb.person where id=9</msg>
<msg time="2024-07-11T12:12:57.403506" level="INFO">${output} = None</msg>
<var>${output}</var>
<arg>delete from mydb.person where id=9</arg>
<doc>Executes the ``sqlString`` as a single SQL command.</doc>
<status status="PASS" start="2024-07-11T12:12:57.402500" elapsed="0.001059"/>
</kw>
<kw name="Log To Console" owner="BuiltIn">
<arg>${output}</arg>
<doc>Logs the given message to the console.</doc>
<status status="PASS" start="2024-07-11T12:12:57.403776" elapsed="0.000316"/>
</kw>
<kw name="Should Be Equal As Strings" owner="BuiltIn">
<msg time="2024-07-11T12:12:57.404507" level="INFO">Argument types are:
&lt;class 'NoneType'&gt;
&lt;class 'str'&gt;</msg>
<arg>${output}</arg>
<arg>None</arg>
<doc>Fails if objects are unequal after converting them to strings.</doc>
<status status="PASS" start="2024-07-11T12:12:57.404274" elapsed="0.000312"/>
</kw>
<status status="PASS" start="2024-07-11T12:12:57.402081" elapsed="0.002690"/>
</test>
<kw name="Disconnect From Database" owner="DatabaseLibrary" type="TEARDOWN">
<msg time="2024-07-11T12:12:57.405448" level="INFO">Executing : Disconnect From Database</msg>
<doc>Disconnects from the database.</doc>
<status status="PASS" start="2024-07-11T12:12:57.405283" elapsed="0.000311"/>
</kw>
<status status="FAIL" start="2024-07-11T12:12:57.208883" elapsed="0.196796"/>
</suite>
<suite id="s1-s3" name="DDT1" source="/Users/amirouchemadaoui/PycharmProjects/RobotFramework/TestCases/DDT1.robot">
<kw name="open my browser" owner="login_resources" type="SETUP">
<kw name="Open Browser" owner="SeleniumLibrary">
<msg time="2024-07-11T12:12:58.189731" level="INFO">Opening browser 'chrome' to base url 'https://admin-demo.nopcommerce.com/'.</msg>
<arg>${LOGIN URL}</arg>
<arg>${BROWSER}</arg>
<doc>Opens a new browser instance to the optional ``url``.</doc>
<status status="PASS" start="2024-07-11T12:12:58.189119" elapsed="2.948562"/>
</kw>
<kw name="Maximize Browser Window" owner="SeleniumLibrary">
<doc>Maximizes current browser window.</doc>
<status status="PASS" start="2024-07-11T12:13:01.140279" elapsed="0.381631"/>
</kw>
<status status="PASS" start="2024-07-11T12:12:58.186931" elapsed="3.335325"/>
</kw>
<test id="s1-s3-t1" name="TC1:Right user empty password" line="8">
<kw name="invalid login">
<kw name="input username" owner="login_resources">
<kw name="Input Text" owner="SeleniumLibrary">
<msg time="2024-07-11T12:13:01.551162" level="INFO">Typing text 'admin@yourstore.com' into text field 'id=Email'.</msg>
<arg>id=Email</arg>
<arg>${username}</arg>
<doc>Types the given ``text`` into the text field identified by ``locator``.</doc>
<status status="PASS" start="2024-07-11T12:13:01.550225" elapsed="0.176276"/>
</kw>
<arg>${username}</arg>
<status status="PASS" start="2024-07-11T12:13:01.549585" elapsed="0.177143"/>
</kw>
<kw name="input password" owner="login_resources">
<kw name="Input Text" owner="SeleniumLibrary">
<msg time="2024-07-11T12:13:01.727700" level="INFO">Typing text '' into text field 'id=Password'.</msg>
<arg>id=Password</arg>
<arg>${password}</arg>
<doc>Types the given ``text`` into the text field identified by ``locator``.</doc>
<status status="PASS" start="2024-07-11T12:13:01.727397" elapsed="0.099112"/>
</kw>
<arg>${password}</arg>
<status status="PASS" start="2024-07-11T12:13:01.726968" elapsed="0.099698"/>
</kw>
<kw name="click login button" owner="login_resources">
<kw name="Click Element" owner="SeleniumLibrary">
<msg time="2024-07-11T12:13:01.827480" level="INFO">Clicking element 'xpath=//button[@type='submit']'.</msg>
<arg>xpath=//button[@type='submit']</arg>
<doc>Click the element identified by ``locator``.</doc>
<status status="PASS" start="2024-07-11T12:13:01.827245" elapsed="0.173837"/>
</kw>
<status status="PASS" start="2024-07-11T12:13:01.826874" elapsed="0.174484"/>
</kw>
<kw name="error message should be visible" owner="login_resources">
<kw name="Page Should Contain" owner="SeleniumLibrary">
<msg time="2024-07-11T12:13:02.030974" level="INFO">Current page contains text 'Login was unsuccessful.'.</msg>
<arg>Login was unsuccessful.</arg>
<doc>Verifies that current page contains ``text``.</doc>
<status status="PASS" start="2024-07-11T12:13:02.003175" elapsed="0.027940"/>
</kw>
<status status="PASS" start="2024-07-11T12:13:02.001732" elapsed="0.029573"/>
</kw>
<arg>admin@yourstore.com</arg>
<arg>${EMPTY}</arg>
<status status="PASS" start="2024-07-11T12:13:01.548046" elapsed="0.483389"/>
</kw>
<status status="PASS" start="2024-07-11T12:13:01.522631" elapsed="0.509004"/>
</test>
<test id="s1-s3-t2" name="TC2:Right user wrong password" line="9">
<kw name="invalid login">
<kw name="input username" owner="login_resources">
<kw name="Input Text" owner="SeleniumLibrary">
<msg time="2024-07-11T12:13:02.033373" level="INFO">Typing text 'admin@yourstore.com' into text field 'id=Email'.</msg>
<arg>id=Email</arg>
<arg>${username}</arg>
<doc>Types the given ``text`` into the text field identified by ``locator``.</doc>
<status status="PASS" start="2024-07-11T12:13:02.033112" elapsed="0.095064"/>
</kw>
<arg>${username}</arg>
<status status="PASS" start="2024-07-11T12:13:02.032786" elapsed="0.095594"/>
</kw>
<kw name="input password" owner="login_resources">
<kw name="Input Text" owner="SeleniumLibrary">
<msg time="2024-07-11T12:13:02.129420" level="INFO">Typing text 'dfgsdfgsdfg' into text field 'id=Password'.</msg>
<arg>id=Password</arg>
<arg>${password}</arg>
<doc>Types the given ``text`` into the text field identified by ``locator``.</doc>
<status status="PASS" start="2024-07-11T12:13:02.129149" elapsed="0.092828"/>
</kw>
<arg>${password}</arg>
<status status="PASS" start="2024-07-11T12:13:02.128667" elapsed="0.093477"/>
</kw>
<kw name="click login button" owner="login_resources">
<kw name="Click Element" owner="SeleniumLibrary">
<msg time="2024-07-11T12:13:02.222938" level="INFO">Clicking element 'xpath=//button[@type='submit']'.</msg>
<arg>xpath=//button[@type='submit']</arg>
<doc>Click the element identified by ``locator``.</doc>
<status status="PASS" start="2024-07-11T12:13:02.222717" elapsed="0.147493"/>
</kw>
<status status="PASS" start="2024-07-11T12:13:02.222360" elapsed="0.148008"/>
</kw>
<kw name="error message should be visible" owner="login_resources">
<kw name="Page Should Contain" owner="SeleniumLibrary">
<msg time="2024-07-11T12:13:02.396159" level="INFO">Current page contains text 'Login was unsuccessful.'.</msg>
<arg>Login was unsuccessful.</arg>
<doc>Verifies that current page contains ``text``.</doc>
<status status="PASS" start="2024-07-11T12:13:02.371173" elapsed="0.025110"/>
</kw>
<status status="PASS" start="2024-07-11T12:13:02.370604" elapsed="0.025830"/>
</kw>
<arg>admin@yourstore.com</arg>
<arg>dfgsdfgsdfg</arg>
<status status="PASS" start="2024-07-11T12:13:02.032383" elapsed="0.364154"/>
</kw>
<status status="PASS" start="2024-07-11T12:13:02.031958" elapsed="0.364833"/>
</test>
<test id="s1-s3-t3" name="TC3:Wrong user wrong password" line="10">
<kw name="invalid login">
<kw name="input username" owner="login_resources">
<kw name="Input Text" owner="SeleniumLibrary">
<msg time="2024-07-11T12:13:02.399128" level="INFO">Typing text 'adm@yourstore.com' into text field 'id=Email'.</msg>
<arg>id=Email</arg>
<arg>${username}</arg>
<doc>Types the given ``text`` into the text field identified by ``locator``.</doc>
<status status="PASS" start="2024-07-11T12:13:02.398818" elapsed="0.095330"/>
</kw>
<arg>${username}</arg>
<status status="PASS" start="2024-07-11T12:13:02.398412" elapsed="0.095983"/>
</kw>
<kw name="input password" owner="login_resources">
<kw name="Input Text" owner="SeleniumLibrary">
<msg time="2024-07-11T12:13:02.495376" level="INFO">Typing text 'admytfin' into text field 'id=Password'.</msg>
<arg>id=Password</arg>
<arg>${password}</arg>
<doc>Types the given ``text`` into the text field identified by ``locator``.</doc>
<status status="PASS" start="2024-07-11T12:13:02.495096" elapsed="0.100891"/>
</kw>
<arg>${password}</arg>
<status status="PASS" start="2024-07-11T12:13:02.494657" elapsed="0.101488"/>
</kw>
<kw name="click login button" owner="login_resources">
<kw name="Click Element" owner="SeleniumLibrary">
<msg time="2024-07-11T12:13:02.596917" level="INFO">Clicking element 'xpath=//button[@type='submit']'.</msg>
<arg>xpath=//button[@type='submit']</arg>
<doc>Click the element identified by ``locator``.</doc>
<status status="PASS" start="2024-07-11T12:13:02.596698" elapsed="0.155723"/>
</kw>
<status status="PASS" start="2024-07-11T12:13:02.596356" elapsed="0.156354"/>
</kw>
<kw name="error message should be visible" owner="login_resources">
<kw name="Page Should Contain" owner="SeleniumLibrary">
<msg time="2024-07-11T12:13:02.773739" level="INFO">Current page contains text 'Login was unsuccessful.'.</msg>
<arg>Login was unsuccessful.</arg>
<doc>Verifies that current page contains ``text``.</doc>
<status status="PASS" start="2024-07-11T12:13:02.753920" elapsed="0.019956"/>
</kw>
<status status="PASS" start="2024-07-11T12:13:02.753145" elapsed="0.020896"/>
</kw>
<arg>adm@yourstore.com</arg>
<arg>admytfin</arg>
<status status="PASS" start="2024-07-11T12:13:02.397948" elapsed="0.376250"/>
</kw>
<status status="PASS" start="2024-07-11T12:13:02.397351" elapsed="0.377073"/>
</test>
<test id="s1-s3-t4" name="TC4:Wrong user empty password" line="11">
<kw name="invalid login">
<kw name="input username" owner="login_resources">
<kw name="Input Text" owner="SeleniumLibrary">
<msg time="2024-07-11T12:13:02.777596" level="INFO">Typing text 'adin@yourstore.com' into text field 'id=Email'.</msg>
<arg>id=Email</arg>
<arg>${username}</arg>
<doc>Types the given ``text`` into the text field identified by ``locator``.</doc>
<status status="PASS" start="2024-07-11T12:13:02.776968" elapsed="0.107601"/>
</kw>
<arg>${username}</arg>
<status status="PASS" start="2024-07-11T12:13:02.776453" elapsed="0.108313"/>
</kw>
<kw name="input password" owner="login_resources">
<kw name="Input Text" owner="SeleniumLibrary">
<msg time="2024-07-11T12:13:02.885793" level="INFO">Typing text '' into text field 'id=Password'.</msg>
<arg>id=Password</arg>
<arg>${password}</arg>
<doc>Types the given ``text`` into the text field identified by ``locator``.</doc>
<status status="PASS" start="2024-07-11T12:13:02.885485" elapsed="0.097935"/>
</kw>
<arg>${password}</arg>
<status status="PASS" start="2024-07-11T12:13:02.885008" elapsed="0.098625"/>
</kw>
<kw name="click login button" owner="login_resources">
<kw name="Click Element" owner="SeleniumLibrary">
<msg time="2024-07-11T12:13:02.984735" level="INFO">Clicking element 'xpath=//button[@type='submit']'.</msg>
<arg>xpath=//button[@type='submit']</arg>
<doc>Click the element identified by ``locator``.</doc>
<status status="PASS" start="2024-07-11T12:13:02.984388" elapsed="0.146890"/>
</kw>
<status status="PASS" start="2024-07-11T12:13:02.983852" elapsed="0.147662"/>
</kw>
<kw name="error message should be visible" owner="login_resources">
<kw name="Page Should Contain" owner="SeleniumLibrary">
<msg time="2024-07-11T12:13:03.156453" level="INFO">Current page contains text 'Login was unsuccessful.'.</msg>
<arg>Login was unsuccessful.</arg>
<doc>Verifies that current page contains ``text``.</doc>
<status status="PASS" start="2024-07-11T12:13:03.132461" elapsed="0.024115"/>
</kw>
<status status="PASS" start="2024-07-11T12:13:03.131883" elapsed="0.024845"/>
</kw>
<arg>adin@yourstore.com</arg>
<arg>${EMPTY}</arg>
<status status="PASS" start="2024-07-11T12:13:02.775550" elapsed="0.381278"/>
</kw>
<status status="PASS" start="2024-07-11T12:13:02.774785" elapsed="0.382292"/>
</test>
<test id="s1-s3-t5" name="TC4:Wrong user right password" line="12">
<kw name="invalid login">
<kw name="input username" owner="login_resources">
<kw name="Input Text" owner="SeleniumLibrary">
<msg time="2024-07-11T12:13:03.159148" level="INFO">Typing text 'adin@yourstore.com' into text field 'id=Email'.</msg>
<arg>id=Email</arg>
<arg>${username}</arg>
<doc>Types the given ``text`` into the text field identified by ``locator``.</doc>
<status status="PASS" start="2024-07-11T12:13:03.158798" elapsed="0.092367"/>
</kw>
<arg>${username}</arg>
<status status="PASS" start="2024-07-11T12:13:03.158370" elapsed="0.092951"/>
</kw>
<kw name="input password" owner="login_resources">
<kw name="Input Text" owner="SeleniumLibrary">
<msg time="2024-07-11T12:13:03.252677" level="INFO">Typing text 'admin' into text field 'id=Password'.</msg>
<arg>id=Password</arg>
<arg>${password}</arg>
<doc>Types the given ``text`` into the text field identified by ``locator``.</doc>
<status status="PASS" start="2024-07-11T12:13:03.252294" elapsed="0.108708"/>
</kw>
<arg>${password}</arg>
<status status="PASS" start="2024-07-11T12:13:03.251604" elapsed="0.109699"/>
</kw>
<kw name="click login button" owner="login_resources">
<kw name="Click Element" owner="SeleniumLibrary">
<msg time="2024-07-11T12:13:03.364636" level="INFO">Clicking element 'xpath=//button[@type='submit']'.</msg>
<arg>xpath=//button[@type='submit']</arg>
<doc>Click the element identified by ``locator``.</doc>
<status status="PASS" start="2024-07-11T12:13:03.363743" elapsed="0.203765"/>
</kw>
<status status="PASS" start="2024-07-11T12:13:03.361728" elapsed="0.206258"/>
</kw>
<kw name="error message should be visible" owner="login_resources">
<kw name="Page Should Contain" owner="SeleniumLibrary">
<msg time="2024-07-11T12:13:03.588297" level="INFO">Current page contains text 'Login was unsuccessful.'.</msg>
<arg>Login was unsuccessful.</arg>
<doc>Verifies that current page contains ``text``.</doc>
<status status="PASS" start="2024-07-11T12:13:03.570735" elapsed="0.017849"/>
</kw>
<status status="PASS" start="2024-07-11T12:13:03.569749" elapsed="0.019228"/>
</kw>
<arg>adin@yourstore.com</arg>
<arg>admin</arg>
<status status="PASS" start="2024-07-11T12:13:03.157895" elapsed="0.431702"/>
</kw>
<status status="PASS" start="2024-07-11T12:13:03.157417" elapsed="0.432802"/>
</test>
<kw name="close Browsers" owner="login_resources" type="TEARDOWN">
<kw name="Close All Browsers" owner="SeleniumLibrary">
<doc>Closes all open browsers and resets the browser cache.</doc>
<status status="PASS" start="2024-07-11T12:13:03.592703" elapsed="0.168305"/>
</kw>
<status status="PASS" start="2024-07-11T12:13:03.592144" elapsed="0.169058"/>
</kw>
<status status="PASS" start="2024-07-11T12:12:57.908466" elapsed="5.852818"/>
</suite>
<suite id="s1-s4" name="DDT2 excel" source="/Users/amirouchemadaoui/PycharmProjects/RobotFramework/TestCases/DDT2_excel.robot">
<kw name="open my browser" owner="login_resources" type="SETUP">
<kw name="Open Browser" owner="SeleniumLibrary">
<msg time="2024-07-11T12:13:04.481188" level="INFO">Opening browser 'chrome' to base url 'https://admin-demo.nopcommerce.com/'.</msg>
<arg>${LOGIN URL}</arg>
<arg>${BROWSER}</arg>
<doc>Opens a new browser instance to the optional ``url``.</doc>
<status status="PASS" start="2024-07-11T12:13:04.480887" elapsed="2.617420"/>
</kw>
<kw name="Maximize Browser Window" owner="SeleniumLibrary">
<doc>Maximizes current browser window.</doc>
<status status="PASS" start="2024-07-11T12:13:07.099713" elapsed="0.424209"/>
</kw>
<status status="PASS" start="2024-07-11T12:13:04.479974" elapsed="3.044228"/>
</kw>
<test id="s1-s4-t1" name="LoginTestWithExcel using admin@yourstore.com and asssss" line="9">
<kw name="invalid login">
<kw name="input username" owner="login_resources">
<kw name="Input Text" owner="SeleniumLibrary">
<msg time="2024-07-11T12:13:07.530728" level="INFO">Typing text 'admin@yourstore.com' into text field 'id=Email'.</msg>
<arg>id=Email</arg>
<arg>${username}</arg>
<doc>Types the given ``text`` into the text field identified by ``locator``.</doc>
<status status="PASS" start="2024-07-11T12:13:07.529720" elapsed="0.287691"/>
</kw>
<arg>${username}</arg>
<status status="PASS" start="2024-07-11T12:13:07.528927" elapsed="0.288796"/>
</kw>
<kw name="input password" owner="login_resources">
<kw name="Input Text" owner="SeleniumLibrary">
<msg time="2024-07-11T12:13:07.818905" level="INFO">Typing text 'asssss' into text field 'id=Password'.</msg>
<arg>id=Password</arg>
<arg>${password}</arg>
<doc>Types the given ``text`` into the text field identified by ``locator``.</doc>
<status status="PASS" start="2024-07-11T12:13:07.818539" elapsed="0.127757"/>
</kw>
<arg>${password}</arg>
<status status="PASS" start="2024-07-11T12:13:07.818026" elapsed="0.128679"/>
</kw>
<kw name="click login button" owner="login_resources">
<kw name="Click Element" owner="SeleniumLibrary">
<msg time="2024-07-11T12:13:07.948819" level="INFO">Clicking element 'xpath=//button[@type='submit']'.</msg>
<arg>xpath=//button[@type='submit']</arg>
<doc>Click the element identified by ``locator``.</doc>
<status status="PASS" start="2024-07-11T12:13:07.948214" elapsed="0.242329"/>
</kw>
<status status="PASS" start="2024-07-11T12:13:07.947130" elapsed="0.243715"/>
</kw>
<kw name="error message should be visible" owner="login_resources">
<kw name="Page Should Contain" owner="SeleniumLibrary">
<msg time="2024-07-11T12:13:08.212438" level="INFO">Current page contains text 'Login was unsuccessful.'.</msg>
<arg>Login was unsuccessful.</arg>
<doc>Verifies that current page contains ``text``.</doc>
<status status="PASS" start="2024-07-11T12:13:08.192325" elapsed="0.020258"/>
</kw>
<status status="PASS" start="2024-07-11T12:13:08.191262" elapsed="0.021497"/>
</kw>
<arg>username=admin@yourstore.com</arg>
<arg>password=asssss</arg>
<status status="PASS" start="2024-07-11T12:13:07.527979" elapsed="0.684890"/>
</kw>
<status status="PASS" start="2024-07-11T12:13:07.524598" elapsed="0.688647"/>
</test>
<test id="s1-s4-t2" name="LoginTestWithExcel using admsin@yourstore.com and ssss" line="9">
<kw name="invalid login">
<kw name="input username" owner="login_resources">
<kw name="Input Text" owner="SeleniumLibrary">
<msg time="2024-07-11T12:13:08.219444" level="INFO">Typing text 'admsin@yourstore.com' into text field 'id=Email'.</msg>
<arg>id=Email</arg>
<arg>${username}</arg>
<doc>Types the given ``text`` into the text field identified by ``locator``.</doc>
<status status="PASS" start="2024-07-11T12:13:08.218547" elapsed="0.138201"/>
</kw>
<arg>${username}</arg>
<status status="PASS" start="2024-07-11T12:13:08.217597" elapsed="0.139378"/>
</kw>
<kw name="input password" owner="login_resources">
<kw name="Input Text" owner="SeleniumLibrary">
<msg time="2024-07-11T12:13:08.358376" level="INFO">Typing text 'ssss' into text field 'id=Password'.</msg>
<arg>id=Password</arg>
<arg>${password}</arg>
<doc>Types the given ``text`` into the text field identified by ``locator``.</doc>
<status status="PASS" start="2024-07-11T12:13:08.357998" elapsed="0.119344"/>
</kw>
<arg>${password}</arg>
<status status="PASS" start="2024-07-11T12:13:08.357341" elapsed="0.120223"/>
</kw>
<kw name="click login button" owner="login_resources">
<kw name="Click Element" owner="SeleniumLibrary">
<msg time="2024-07-11T12:13:08.478663" level="INFO">Clicking element 'xpath=//button[@type='submit']'.</msg>
<arg>xpath=//button[@type='submit']</arg>
<doc>Click the element identified by ``locator``.</doc>
<status status="PASS" start="2024-07-11T12:13:08.478385" elapsed="0.170329"/>
</kw>
<status status="PASS" start="2024-07-11T12:13:08.477895" elapsed="0.171171"/>
</kw>
<kw name="error message should be visible" owner="login_resources">
<kw name="Page Should Contain" owner="SeleniumLibrary">
<msg time="2024-07-11T12:13:08.690975" level="INFO">Current page contains text 'Login was unsuccessful.'.</msg>
<arg>Login was unsuccessful.</arg>
<doc>Verifies that current page contains ``text``.</doc>
<status status="PASS" start="2024-07-11T12:13:08.651312" elapsed="0.039818"/>
</kw>
<status status="PASS" start="2024-07-11T12:13:08.650271" elapsed="0.041064"/>
</kw>
<arg>username=admsin@yourstore.com</arg>
<arg>password=ssss</arg>
<status status="PASS" start="2024-07-11T12:13:08.216646" elapsed="0.474826"/>
</kw>
<status status="PASS" start="2024-07-11T12:13:08.213827" elapsed="0.477984"/>
</test>
<test id="s1-s4-t3" name="LoginTestWithExcel using adm@yourstore.com and vassm" line="9">
<kw name="invalid login">
<kw name="input username" owner="login_resources">
<kw name="Input Text" owner="SeleniumLibrary">
<msg time="2024-07-11T12:13:08.696190" level="INFO">Typing text 'adm@yourstore.com' into text field 'id=Email'.</msg>
<arg>id=Email</arg>
<arg>${username}</arg>
<doc>Types the given ``text`` into the text field identified by ``locator``.</doc>
<status status="PASS" start="2024-07-11T12:13:08.695726" elapsed="0.364527"/>
</kw>
<arg>${username}</arg>
<status status="PASS" start="2024-07-11T12:13:08.695214" elapsed="0.365414"/>
</kw>
<kw name="input password" owner="login_resources">
<kw name="Input Text" owner="SeleniumLibrary">
<msg time="2024-07-11T12:13:09.062348" level="INFO">Typing text 'vassm' into text field 'id=Password'.</msg>
<arg>id=Password</arg>
<arg>${password}</arg>
<doc>Types the given ``text`` into the text field identified by ``locator``.</doc>
<status status="PASS" start="2024-07-11T12:13:09.061862" elapsed="0.079221"/>
</kw>
<arg>${password}</arg>
<status status="PASS" start="2024-07-11T12:13:09.061001" elapsed="0.080237"/>
</kw>
<kw name="click login button" owner="login_resources">
<kw name="Click Element" owner="SeleniumLibrary">
<msg time="2024-07-11T12:13:09.142284" level="INFO">Clicking element 'xpath=//button[@type='submit']'.</msg>
<arg>xpath=//button[@type='submit']</arg>
<doc>Click the element identified by ``locator``.</doc>
<status status="PASS" start="2024-07-11T12:13:09.141824" elapsed="0.158348"/>
</kw>
<status status="PASS" start="2024-07-11T12:13:09.141465" elapsed="0.159031"/>
</kw>
<kw name="error message should be visible" owner="login_resources">
<kw name="Page Should Contain" owner="SeleniumLibrary">
<msg time="2024-07-11T12:13:09.324290" level="INFO">Current page contains text 'Login was unsuccessful.'.</msg>
<arg>Login was unsuccessful.</arg>
<doc>Verifies that current page contains ``text``.</doc>
<status status="PASS" start="2024-07-11T12:13:09.301354" elapsed="0.023073"/>
</kw>
<status status="PASS" start="2024-07-11T12:13:09.300814" elapsed="0.023773"/>
</kw>
<arg>username=adm@yourstore.com</arg>
<arg>password=vassm</arg>
<status status="PASS" start="2024-07-11T12:13:08.694393" elapsed="0.630296"/>
</kw>
<status status="PASS" start="2024-07-11T12:13:08.692451" elapsed="0.632658"/>
</test>
<kw name="close Browsers" owner="login_resources" type="TEARDOWN">
<kw name="Close All Browsers" owner="SeleniumLibrary">
<doc>Closes all open browsers and resets the browser cache.</doc>
<status status="PASS" start="2024-07-11T12:13:09.326102" elapsed="0.122217"/>
</kw>
<status status="PASS" start="2024-07-11T12:13:09.325773" elapsed="0.122897"/>
</kw>
<status status="PASS" start="2024-07-11T12:13:04.271788" elapsed="5.177026"/>
</suite>
<suite id="s1-s5" name="Forloop" source="/Users/amirouchemadaoui/PycharmProjects/RobotFramework/TestCases/Forloop.robot">
<test id="s1-s5-t1" name="For loop5 with exit" line="27">
<kw name="Create List" owner="BuiltIn">
<msg time="2024-07-11T12:13:10.097149" level="INFO">@{numbers} = [ 1 | 2 | 3 | 4 | 5 ]</msg>
<var>@{numbers}</var>
<arg>1</arg>
<arg>2</arg>
<arg>3</arg>
<arg>4</arg>
<arg>5</arg>
<doc>Returns a list containing given items.</doc>
<status status="PASS" start="2024-07-11T12:13:10.096852" elapsed="0.000344"/>
</kw>
<for flavor="IN">
<iter>
<kw name="Log To Console" owner="BuiltIn">
<arg>${i}</arg>
<doc>Logs the given message to the console.</doc>
<status status="PASS" start="2024-07-11T12:13:10.097704" elapsed="0.000230"/>
</kw>
<kw name="Exit For Loop If" owner="BuiltIn">
<arg>${i}==3</arg>
<doc>Stops executing the enclosing FOR loop if the ``condition`` is true.</doc>
<status status="PASS" start="2024-07-11T12:13:10.098095" elapsed="0.000273"/>
</kw>
<var name="${i}">1</var>
<status status="PASS" start="2024-07-11T12:13:10.097572" elapsed="0.000869"/>
</iter>
<iter>
<kw name="Log To Console" owner="BuiltIn">
<arg>${i}</arg>
<doc>Logs the given message to the console.</doc>
<status status="PASS" start="2024-07-11T12:13:10.098690" elapsed="0.000216"/>
</kw>
<kw name="Exit For Loop If" owner="BuiltIn">
<arg>${i}==3</arg>
<doc>Stops executing the enclosing FOR loop if the ``condition`` is true.</doc>
<status status="PASS" start="2024-07-11T12:13:10.099038" elapsed="0.000249"/>
</kw>
<var name="${i}">2</var>
<status status="PASS" start="2024-07-11T12:13:10.098572" elapsed="0.000786"/>
</iter>
<iter>
<kw name="Log To Console" owner="BuiltIn">
<arg>${i}</arg>
<doc>Logs the given message to the console.</doc>
<status status="PASS" start="2024-07-11T12:13:10.099595" elapsed="0.000214"/>
</kw>
<kw name="Exit For Loop If" owner="BuiltIn">
<msg time="2024-07-11T12:13:10.100172" level="INFO">Exiting for loop altogether.</msg>
<arg>${i}==3</arg>
<doc>Stops executing the enclosing FOR loop if the ``condition`` is true.</doc>
<status status="PASS" start="2024-07-11T12:13:10.099940" elapsed="0.000312"/>
</kw>
<var name="${i}">3</var>
<status status="PASS" start="2024-07-11T12:13:10.099480" elapsed="0.000848"/>
</iter>
<var>${i}</var>
<value>@{numbers}</value>
<status status="PASS" start="2024-07-11T12:13:10.097332" elapsed="0.003058"/>
</for>
<status status="PASS" start="2024-07-11T12:13:10.095946" elapsed="0.004594"/>
</test>
<doc>Simple example using SeleniumLibrary.</doc>
<status status="PASS" start="2024-07-11T12:13:09.978040" elapsed="0.122911"/>
</suite>
<suite id="s1-s6" name="Frames" source="/Users/amirouchemadaoui/PycharmProjects/RobotFramework/TestCases/Frames.robot">
<test id="s1-s6-t1" name="Handling Alerts" line="9">
<kw name="Open Browser" owner="SeleniumLibrary">
<msg time="2024-07-11T12:13:10.615195" level="INFO">Opening browser 'chrome' to base url 'https://seleniumpractise.blogspot.com/'.</msg>
<arg>${url}</arg>
<arg>${browser}</arg>
<doc>Opens a new browser instance to the optional ``url``.</doc>
<status status="PASS" start="2024-07-11T12:13:10.614877" elapsed="2.268813"/>
</kw>
<kw name="Select Frame" owner="SeleniumLibrary">
<msg time="2024-07-11T12:13:12.885072" level="INFO">Selecting frame 'xpath=//*[@id="navbar-iframe"]'.</msg>
<arg>xpath=//*[@id="navbar-iframe"]</arg>
<doc>Sets frame identified by ``locator`` as the current frame.</doc>
<status status="PASS" start="2024-07-11T12:13:12.884315" elapsed="0.045892"/>
</kw>
<kw name="Click Element" owner="SeleniumLibrary">
<msg time="2024-07-11T12:13:12.930829" level="INFO">Clicking element 'id=b-more'.</msg>
<arg>id=b-more</arg>
<doc>Click the element identified by ``locator``.</doc>
<status status="PASS" start="2024-07-11T12:13:12.930502" elapsed="0.097174"/>
</kw>
<kw name="Sleep" owner="BuiltIn">
<msg time="2024-07-11T12:13:14.030088" level="INFO">Slept 1 second.</msg>
<arg>1</arg>
<doc>Pauses the test executed for the given time.</doc>
<status status="PASS" start="2024-07-11T12:13:13.028241" elapsed="1.002025"/>
</kw>
<kw name="Unselect Frame" owner="SeleniumLibrary">
<doc>Sets the main frame as the current frame.</doc>
<status status="PASS" start="2024-07-11T12:13:14.030705" elapsed="0.007345"/>
</kw>
<status status="PASS" start="2024-07-11T12:13:10.613960" elapsed="3.424708"/>
</test>
<doc>Simple example using SeleniumLibrary.</doc>
<status status="PASS" start="2024-07-11T12:13:10.496221" elapsed="3.558451"/>
</suite>
<suite id="s1-s7" name="InputBox" source="/Users/amirouchemadaoui/PycharmProjects/RobotFramework/TestCases/InputBox.robot">
<test id="s1-s7-t1" name="Testing Input Box" line="8">
<kw name="Open Browser" owner="SeleniumLibrary">
<msg time="2024-07-11T12:13:12.502201" level="INFO">Opening browser 'chrome' to base url 'https://demo.nopcommerce.com'.</msg>
<arg>${url}</arg>
<arg>${browser}</arg>
<doc>Opens a new browser instance to the optional ``url``.</doc>
<status status="PASS" start="2024-07-11T12:13:12.501729" elapsed="2.582752"/>
</kw>
<kw name="Maximize Browser Window" owner="SeleniumLibrary">
<doc>Maximizes current browser window.</doc>
<status status="PASS" start="2024-07-11T12:13:15.085066" elapsed="0.408018"/>
</kw>
<kw name="Title Should Be" owner="SeleniumLibrary">
<msg time="2024-07-11T12:13:15.505517" level="INFO">Page title is 'nopCommerce demo store'.</msg>
<arg>nopCommerce demo store</arg>
<doc>Verifies that the current page title equals ``title``.</doc>
<status status="PASS" start="2024-07-11T12:13:15.493584" elapsed="0.012159"/>
</kw>
<kw name="Click Link" owner="SeleniumLibrary">
<msg time="2024-07-11T12:13:15.507114" level="INFO">Clicking link 'xpath://a[@class='ico-login']'.</msg>
<arg>xpath://a[@class='ico-login']</arg>
<doc>Clicks a link identified by ``locator``.</doc>
<status status="PASS" start="2024-07-11T12:13:15.506165" elapsed="0.271015"/>
</kw>
<kw name="Set Variable" owner="BuiltIn">
<msg time="2024-07-11T12:13:15.778322" level="INFO">${userName} = id:Email</msg>
<var>${userName}</var>
<arg>id:Email</arg>
<doc>Returns the given values which can then be assigned to a variables.</doc>
<status status="PASS" start="2024-07-11T12:13:15.777669" elapsed="0.000742"/>
</kw>
<kw name="Element Should Be Visible" owner="SeleniumLibrary">
<msg time="2024-07-11T12:13:15.820143" level="INFO">Element 'id:Email' is displayed.</msg>
<arg>${userName}</arg>
<doc>Verifies that the element identified by ``locator`` is visible.</doc>
<status status="PASS" start="2024-07-11T12:13:15.778798" elapsed="0.041505"/>
</kw>
<kw name="Element Should Be Enabled" owner="SeleniumLibrary">
<arg>${userName}</arg>
<doc>Verifies that element identified by ``locator`` is enabled.</doc>
<status status="PASS" start="2024-07-11T12:13:15.820586" elapsed="0.029088"/>
</kw>
<kw name="Input Text" owner="SeleniumLibrary">
<msg time="2024-07-11T12:13:15.850815" level="INFO">Typing text 'amadaoui21@gmail.com' into text field 'id:Email'.</msg>
<arg>${userName}</arg>
<arg>amadaoui21@gmail.com</arg>
<doc>Types the given ``text`` into the text field identified by ``locator``.</doc>
<status status="PASS" start="2024-07-11T12:13:15.850159" elapsed="0.372770"/>
</kw>
<kw name="Sleep" owner="BuiltIn">
<msg time="2024-07-11T12:13:21.224595" level="INFO">Slept 5 seconds.</msg>
<arg>5</arg>
<doc>Pauses the test executed for the given time.</doc>
<status status="PASS" start="2024-07-11T12:13:16.223363" elapsed="5.001484"/>
</kw>
<kw name="Clear Element Text" owner="SeleniumLibrary">
<arg>${userName}</arg>
<doc>Clears the value of the text-input-element identified by ``locator``.</doc>
<status status="PASS" start="2024-07-11T12:13:21.225288" elapsed="0.052587"/>
</kw>
<kw name="Sleep" owner="BuiltIn">
<msg time="2024-07-11T12:13:24.278876" level="INFO">Slept 3 seconds.</msg>
<arg>3</arg>
<doc>Pauses the test executed for the given time.</doc>
<status status="PASS" start="2024-07-11T12:13:21.278312" elapsed="3.000778"/>
</kw>
<kw name="Close Browser" owner="SeleniumLibrary">
<doc>Closes the current browser.</doc>
<status status="PASS" start="2024-07-11T12:13:24.279431" elapsed="0.132361"/>
</kw>
<status status="PASS" start="2024-07-11T12:13:12.481948" elapsed="11.930355"/>
</test>
<doc>Simple example using SeleniumLibrary.</doc>
<status status="PASS" start="2024-07-11T12:13:12.309581" elapsed="12.104455"/>
</suite>
<suite id="s1-s8" name="Introduction" source="/Users/amirouchemadaoui/PycharmProjects/RobotFramework/TestCases/introduction.robot">
<test id="s1-s8-t1" name="Login Test" line="11">
<kw name="Open Browser" owner="SeleniumLibrary">
<msg time="2024-07-11T12:13:15.089605" level="INFO">Opening browser 'chrome' to base url 'https://demo.nopcommerce.com/'.</msg>
<arg>${url}</arg>
<arg>${browser}</arg>
<doc>Opens a new browser instance to the optional ``url``.</doc>
<status status="PASS" start="2024-07-11T12:13:15.089245" elapsed="2.208192"/>
</kw>
<kw name="LoginToApplication">
<kw name="Click Link" owner="SeleniumLibrary">
<msg time="2024-07-11T12:13:17.300972" level="INFO">Clicking link 'xpath://a[@class='ico-login']'.</msg>
<arg>xpath://a[@class='ico-login']</arg>
<doc>Clicks a link identified by ``locator``.</doc>
<status status="PASS" start="2024-07-11T12:13:17.299931" elapsed="0.412447"/>
</kw>
<kw name="Input Text" owner="SeleniumLibrary">
<msg time="2024-07-11T12:13:17.713788" level="INFO">Typing text 'amadaoui21@gmail.com' into text field 'id:Email'.</msg>
<arg>id:Email</arg>
<arg>${userName}</arg>
<doc>Types the given ``text`` into the text field identified by ``locator``.</doc>
<status status="PASS" start="2024-07-11T12:13:17.712752" elapsed="0.164172"/>
</kw>
<kw name="Input Text" owner="SeleniumLibrary">
<msg time="2024-07-11T12:13:17.877678" level="INFO">Typing text 'Aylan2020@' into text field 'id:Password'.</msg>
<arg>id:Password</arg>
<arg>${password}</arg>
<doc>Types the given ``text`` into the text field identified by ``locator``.</doc>
<status status="PASS" start="2024-07-11T12:13:17.877203" elapsed="0.086340"/>
</kw>
<kw name="Click Element" owner="SeleniumLibrary">
<msg time="2024-07-11T12:13:17.964039" level="INFO">Clicking element 'xpath://button[@class='button-1 login-button']'.</msg>
<arg>xpath://button[@class='button-1 login-button']</arg>
<doc>Click the element identified by ``locator``.</doc>
<status status="PASS" start="2024-07-11T12:13:17.963781" elapsed="0.164505"/>
</kw>
<status status="PASS" start="2024-07-11T12:13:17.298840" elapsed="0.829648"/>
</kw>
<kw name="Close Browser" owner="SeleniumLibrary">
<doc>Closes the current browser.</doc>
<status status="PASS" start="2024-07-11T12:13:18.128695" elapsed="0.096569"/>
</kw>
<status status="PASS" start="2024-07-11T12:13:15.088216" elapsed="3.137375"/>
</test>
<doc>Simple example using SeleniumLibrary.</doc>
<status status="PASS" start="2024-07-11T12:13:14.924583" elapsed="3.301576"/>
</suite>
<suite id="s1-s9" name="LoginTest" source="/Users/amirouchemadaoui/PycharmProjects/RobotFramework/TestCases/LoginTest.robot">
<test id="s1-s9-t1" name="Login test" line="11">
<kw name="open_Browsers" owner="KeywordLoginPage">
<kw name="Open Browser" owner="SeleniumLibrary">
<msg time="2024-07-11T12:13:19.014906" level="INFO">Opening browser 'chrome' to base url 'https://demo.guru99.com/test/newtours/index.php'.</msg>
<arg>${url}</arg>
<arg>${browser}</arg>
<doc>Opens a new browser instance to the optional ``url``.</doc>
<status status="PASS" start="2024-07-11T12:13:19.014552" elapsed="4.205276"/>
</kw>
<kw name="Maximize Browser Window" owner="SeleniumLibrary">
<doc>Maximizes current browser window.</doc>
<status status="PASS" start="2024-07-11T12:13:23.220574" elapsed="0.384815"/>
</kw>
<arg>${url}</arg>
<arg>${browser}</arg>
<status status="PASS" start="2024-07-11T12:13:19.013341" elapsed="4.592378"/>
</kw>
<kw name="Enter_UserName" owner="KeywordLoginPage">
<kw name="Input Text" owner="SeleniumLibrary">
<msg time="2024-07-11T12:13:23.608661" level="INFO">Typing text 'tutorial' into text field 'name:userName'.</msg>
<arg>${txt_userLoginName}</arg>
<arg>${username}</arg>
<doc>Types the given ``text`` into the text field identified by ``locator``.</doc>
<status status="PASS" start="2024-07-11T12:13:23.607398" elapsed="0.611318"/>
</kw>
<arg>tutorial</arg>
<status status="PASS" start="2024-07-11T12:13:23.606302" elapsed="0.612736"/>
</kw>
<kw name="Enter_password" owner="KeywordLoginPage">
<kw name="Input Text" owner="SeleniumLibrary">
<msg time="2024-07-11T12:13:24.220966" level="INFO">Typing text 'tutorial' into text field 'name:password'.</msg>
<arg>${txt_userPassword}</arg>
<arg>${password}</arg>
<doc>Types the given ``text`` into the text field identified by ``locator``.</doc>
<status status="PASS" start="2024-07-11T12:13:24.220256" elapsed="0.121113"/>
</kw>
<arg>tutorial</arg>
<status status="PASS" start="2024-07-11T12:13:24.219456" elapsed="0.122127"/>
</kw>
<kw name="click_sign" owner="KeywordLoginPage">
<kw name="Click Button" owner="SeleniumLibrary">
<msg time="2024-07-11T12:13:24.343053" level="INFO">Clicking button 'xpath://input[@name='submit']'.</msg>
<arg>${btn_signin}</arg>
<doc>Clicks the button identified by ``locator``.</doc>
<status status="PASS" start="2024-07-11T12:13:24.342651" elapsed="0.749504"/>
</kw>
<status status="PASS" start="2024-07-11T12:13:24.341866" elapsed="0.750502"/>
</kw>
<kw name="Sleep" owner="BuiltIn">
<msg time="2024-07-11T12:13:28.093065" level="INFO">Slept 3 seconds.</msg>
<arg>3</arg>
<doc>Pauses the test executed for the given time.</doc>
<status status="PASS" start="2024-07-11T12:13:25.092598" elapsed="3.000678"/>
</kw>
<kw name="verify_successfulLogin" owner="KeywordLoginPage">
<kw name="Title Should Be" owner="SeleniumLibrary">
<msg time="2024-07-11T12:13:28.110879" level="INFO">Page title is 'Login: Mercury Tours'.</msg>
<arg>Login: Mercury Tours</arg>
<doc>Verifies that the current page title equals ``title``.</doc>
<status status="PASS" start="2024-07-11T12:13:28.094676" elapsed="0.016704"/>
</kw>
<status status="PASS" start="2024-07-11T12:13:28.093869" elapsed="0.017858"/>
</kw>
<kw name="close_browser" owner="KeywordLoginPage">
<kw name="Close All Browsers" owner="SeleniumLibrary">
<doc>Closes all open browsers and resets the browser cache.</doc>
<status status="PASS" start="2024-07-11T12:13:28.113429" elapsed="0.304021"/>
</kw>
<status status="PASS" start="2024-07-11T12:13:28.112302" elapsed="0.305613"/>
</kw>
<status status="PASS" start="2024-07-11T12:13:19.012700" elapsed="9.405588"/>
</test>
<status status="PASS" start="2024-07-11T12:13:18.823529" elapsed="9.596024"/>
</suite>
<suite id="s1-s10" name="RadioBtn" source="/Users/amirouchemadaoui/PycharmProjects/RobotFramework/TestCases/RadioBtn.robot">
<test id="s1-s10-t1" name="Testing Radio Buttons and Check Boxes" line="9">
<kw name="Open Browser" owner="SeleniumLibrary">
<msg time="2024-07-11T12:13:25.296948" level="INFO">Opening browser 'chrome' to base url 'https://www.techlistic.com/p/selenium-practice-form.html'.</msg>
<arg>${url}</arg>
<arg>${browser}</arg>
<doc>Opens a new browser instance to the optional ``url``.</doc>
<status status="PASS" start="2024-07-11T12:13:25.295806" elapsed="5.790221"/>
</kw>
<kw name="Maximize Browser Window" owner="SeleniumLibrary">
<doc>Maximizes current browser window.</doc>
<status status="PASS" start="2024-07-11T12:13:31.087044" elapsed="0.542354"/>
</kw>
<kw name="Input Text" owner="SeleniumLibrary">
<msg time="2024-07-11T12:13:31.633281" level="INFO">Typing text 'amir' into text field 'firstname'.</msg>
<arg>firstname</arg>
<arg>amir</arg>
<doc>Types the given ``text`` into the text field identified by ``locator``.</doc>
<status status="PASS" start="2024-07-11T12:13:31.629930" elapsed="0.407797"/>
</kw>
<kw name="Input Text" owner="SeleniumLibrary">
<msg time="2024-07-11T12:13:32.039171" level="INFO">Typing text 'Madaoui' into text field 'lastname'.</msg>
<arg>lastname</arg>
<arg>Madaoui</arg>
<doc>Types the given ``text`` into the text field identified by ``locator``.</doc>
<status status="PASS" start="2024-07-11T12:13:32.038603" elapsed="0.202597"/>
</kw>
<kw name="Select Radio Button" owner="SeleniumLibrary">
<msg time="2024-07-11T12:13:32.242056" level="INFO">Selecting 'Male' from radio button 'xpath=//*[@id="sex-0"]'.</msg>
<msg time="2024-07-11T12:13:35.356026" level="INFO" html="true">&lt;/td&gt;&lt;/tr&gt;&lt;tr&gt;&lt;td colspan="3"&gt;&lt;a href="9-selenium-screenshot-1.png"&gt;&lt;img src="9-selenium-screenshot-1.png" width="800px"&gt;&lt;/a&gt;</msg>
<msg time="2024-07-11T12:13:35.356717" level="FAIL">No radio button with name 'xpath=//*[@id="sex-0"]' and value 'Male' found.</msg>
<arg>xpath=//*[@id="sex-0"]</arg>
<arg>Male</arg>
<doc>Sets the radio button group ``group_name`` to ``value``.</doc>
<status status="FAIL" start="2024-07-11T12:13:32.241613" elapsed="3.122771">No radio button with name 'xpath=//*[@id="sex-0"]' and value 'Male' found.</status>
</kw>
<kw name="Select Radio Button" owner="SeleniumLibrary">
<arg>exp</arg>
<arg>5</arg>
<doc>Sets the radio button group ``group_name`` to ``value``.</doc>
<status status="NOT RUN" start="2024-07-11T12:13:35.365085" elapsed="0.000192"/>
</kw>
<kw name="Input Text" owner="SeleniumLibrary">
<arg>id=datepicker</arg>
<arg>16-10-2024</arg>
<doc>Types the given ``text`` into the text field identified by ``locator``.</doc>
<status status="NOT RUN" start="2024-07-11T12:13:35.365660" elapsed="0.000128"/>
</kw>
<kw name="Execute Javascript" owner="SeleniumLibrary">
<arg>window.scrollTo(1011,1013)</arg>
<doc>Executes the given JavaScript code with possible arguments.</doc>
<status status="NOT RUN" start="2024-07-11T12:13:35.366109" elapsed="0.000121"/>
</kw>
<kw name="Select Checkbox" owner="SeleniumLibrary">
<arg>id=profession-0</arg>
<doc>Selects the checkbox identified by ``locator``.</doc>
<status status="NOT RUN" start="2024-07-11T12:13:35.366600" elapsed="0.000131"/>
</kw>
<kw name="Select Checkbox" owner="SeleniumLibrary">
<arg>id=profession-1</arg>
<doc>Selects the checkbox identified by ``locator``.</doc>
<status status="NOT RUN" start="2024-07-11T12:13:35.367014" elapsed="0.000111"/>
</kw>
<kw name="Unselect Checkbox" owner="SeleniumLibrary">
<arg>id=profession-0</arg>
<doc>Removes the selection of checkbox identified by ``locator``.</doc>
<status status="NOT RUN" start="2024-07-11T12:13:35.367459" elapsed="0.000141"/>
</kw>
<kw name="Select From List By Label" owner="SeleniumLibrary">
<arg>continents</arg>
<arg>North America</arg>
<doc>Selects options from selection list ``locator`` by ``labels``.</doc>
<status status="NOT RUN" start="2024-07-11T12:13:35.368064" elapsed="0.000139"/>
</kw>
<kw name="Select From List By Index" owner="SeleniumLibrary">
<arg>continents</arg>
<arg>5</arg>
<doc>Selects options from selection list ``locator`` by ``indexes``.</doc>
<status status="NOT RUN" start="2024-07-11T12:13:35.368542" elapsed="0.000122"/>
</kw>
<kw name="Execute Javascript" owner="SeleniumLibrary">
<arg>window.scrollTo(1311,1313)</arg>
<doc>Executes the given JavaScript code with possible arguments.</doc>
<status status="NOT RUN" start="2024-07-11T12:13:35.368948" elapsed="0.000162"/>
</kw>
<kw name="Select From List By Label" owner="SeleniumLibrary">
<arg>id=selenium_commands</arg>
<arg>WebElement Commands</arg>
<doc>Selects options from selection list ``locator`` by ``labels``.</doc>
<status status="NOT RUN" start="2024-07-11T12:13:35.369401" elapsed="0.000146"/>
</kw>
<kw name="Close All Browsers" owner="SeleniumLibrary">
<doc>Closes all open browsers and resets the browser cache.</doc>
<status status="NOT RUN" start="2024-07-11T12:13:35.369865" elapsed="0.000114"/>
</kw>
<status status="FAIL" start="2024-07-11T12:13:25.293042" elapsed="10.077554">No radio button with name 'xpath=//*[@id="sex-0"]' and value 'Male' found.</status>
</test>
<doc>Simple example using SeleniumLibrary.</doc>
<status status="FAIL" start="2024-07-11T12:13:25.070175" elapsed="10.302241"/>
</suite>
<suite id="s1-s11" name="RegisterPageTest" source="/Users/amirouchemadaoui/PycharmProjects/RobotFramework/TestCases/RegisterPageTest.robot">
<test id="s1-s11-t1" name="Register Test" line="10">
<kw name="open_Browsers" owner="keywordRegisterPage">
<kw name="Open Browser" owner="SeleniumLibrary">
<msg time="2024-07-11T12:13:29.553921" level="INFO">Opening browser 'chrome' to base url 'https://demo.guru99.com/test/newtours/'.</msg>
<arg>${url}</arg>
<arg>${browser}</arg>
<doc>Opens a new browser instance to the optional ``url``.</doc>
<status status="PASS" start="2024-07-11T12:13:29.553365" elapsed="5.634478"/>
</kw>
<kw name="Maximize Browser Window" owner="SeleniumLibrary">
<doc>Maximizes current browser window.</doc>
<status status="PASS" start="2024-07-11T12:13:35.189029" elapsed="0.474396"/>
</kw>
<arg>${url}</arg>
<arg>${browser}</arg>
<status status="PASS" start="2024-07-11T12:13:29.551136" elapsed="6.112678"/>
</kw>
<kw name="click_registerLink" owner="keywordRegisterPage">
<kw name="Click Link" owner="SeleniumLibrary">
<msg time="2024-07-11T12:13:35.667530" level="INFO">Clicking link 'xpath://a[normalize-space()='REGISTER']'.</msg>
<arg>${register_link}</arg>
<doc>Clicks a link identified by ``locator``.</doc>
<status status="PASS" start="2024-07-11T12:13:35.666070" elapsed="0.575198"/>
</kw>
<status status="PASS" start="2024-07-11T12:13:35.664604" elapsed="0.576851"/>
</kw>
<kw name="Enter_firstName" owner="keywordRegisterPage">
<kw name="Input Text" owner="SeleniumLibrary">
<msg time="2024-07-11T12:13:36.242609" level="INFO">Typing text 'amirouche' into text field 'amirouche'.</msg>
<msg time="2024-07-11T12:13:36.502739" level="INFO" html="true">&lt;/td&gt;&lt;/tr&gt;&lt;tr&gt;&lt;td colspan="3"&gt;&lt;a href="10-selenium-screenshot-1.png"&gt;&lt;img src="10-selenium-screenshot-1.png" width="800px"&gt;&lt;/a&gt;</msg>
<msg time="2024-07-11T12:13:36.502992" level="FAIL">Element with locator 'amirouche' not found.</msg>
<arg>${first_name}</arg>
<arg>${FirstName}</arg>
<doc>Types the given ``text`` into the text field identified by ``locator``.</doc>
<status status="FAIL" start="2024-07-11T12:13:36.242262" elapsed="0.262207">Element with locator 'amirouche' not found.</status>
</kw>
<arg>amirouche</arg>
<status status="FAIL" start="2024-07-11T12:13:36.241769" elapsed="0.263179">Element with locator 'amirouche' not found.</status>
</kw>
<kw name="Enter_lastName" owner="keywordRegisterPage">
<arg>madaoui</arg>
<status status="NOT RUN" start="2024-07-11T12:13:36.505233" elapsed="0.000093"/>
</kw>
<kw name="Enter_phone" owner="keywordRegisterPage">
<arg>107084564</arg>
<status status="NOT RUN" start="2024-07-11T12:13:36.505561" elapsed="0.000090"/>
</kw>
<kw name="Enter_email" owner="keywordRegisterPage">
<arg>amadaouio@gmail.com</arg>
<status status="NOT RUN" start="2024-07-11T12:13:36.505836" elapsed="0.000070"/>
</kw>
<kw name="Enter_address" owner="keywordRegisterPage">
<arg>15st 14st</arg>
<status status="NOT RUN" start="2024-07-11T12:13:36.506092" elapsed="0.000073"/>
</kw>
<kw name="Enter_city" owner="keywordRegisterPage">
<arg>union City</arg>
<status status="NOT RUN" start="2024-07-11T12:13:36.506336" elapsed="0.000064"/>
</kw>
<kw name="Enter_province" owner="keywordRegisterPage">
<arg>california</arg>
<status status="NOT RUN" start="2024-07-11T12:13:36.506567" elapsed="0.000067"/>
</kw>
<kw name="Enter_postalCode" owner="keywordRegisterPage">
<arg>94587</arg>
<status status="NOT RUN" start="2024-07-11T12:13:36.506799" elapsed="0.000064"/>
</kw>
<kw name="Enter_country" owner="keywordRegisterPage">
<arg>usa</arg>
<status status="NOT RUN" start="2024-07-11T12:13:36.507035" elapsed="0.000064"/>
</kw>
<kw name="Enter_userName" owner="keywordRegisterPage">
<arg>amir060</arg>
<status status="NOT RUN" start="2024-07-11T12:13:36.507267" elapsed="0.000063"/>
</kw>
<kw name="Enter_password" owner="keywordRegisterPage">
<arg>amir060</arg>
<status status="NOT RUN" start="2024-07-11T12:13:36.507496" elapsed="0.000062"/>
</kw>
<kw name="Enter_Cpassword" owner="keywordRegisterPage">
<arg>amir060</arg>
<status status="NOT RUN" start="2024-07-11T12:13:36.507718" elapsed="0.000069"/>
</kw>
<kw name="click_submit" owner="keywordRegisterPage">
<status status="NOT RUN" start="2024-07-11T12:13:36.507959" elapsed="0.000067"/>
</kw>
<kw name="verify_successfulLRegistration" owner="keywordRegisterPage">
<status status="NOT RUN" start="2024-07-11T12:13:36.508320" elapsed="0.000071"/>
</kw>
<kw name="close_browser" owner="keywordRegisterPage">
<status status="NOT RUN" start="2024-07-11T12:13:36.508557" elapsed="0.000064"/>
</kw>
<status status="FAIL" start="2024-07-11T12:13:29.549782" elapsed="6.959066">Element with locator 'amirouche' not found.</status>
</test>
<status status="FAIL" start="2024-07-11T12:13:29.212938" elapsed="7.296851"/>
</suite>
<suite id="s1-s12" name="Scshot" source="/Users/amirouchemadaoui/PycharmProjects/RobotFramework/TestCases/scshot.robot">
<test id="s1-s12-t1" name="LoginTc" line="9">
<kw name="Open Browser" owner="SeleniumLibrary">
<msg time="2024-07-11T12:13:36.619263" level="INFO">Opening browser 'chrome' to base url 'https://opensource-demo.orangehrmlive.com/web/index.php/auth/login'.</msg>
<arg>${url}</arg>
<arg>${browser}</arg>
<doc>Opens a new browser instance to the optional ``url``.</doc>
<status status="PASS" start="2024-07-11T12:13:36.618783" elapsed="4.883696"/>
</kw>
<kw name="Maximize Browser Window" owner="SeleniumLibrary">
<doc>Maximizes current browser window.</doc>
<status status="PASS" start="2024-07-11T12:13:41.503250" elapsed="0.683747"/>
</kw>
<kw name="Input Text" owner="SeleniumLibrary">
<msg time="2024-07-11T12:13:42.188714" level="INFO">Typing text 'admin' into text field 'xpath=//input[@placeholder='Username']'.</msg>
<arg>xpath=//input[@placeholder='Username']</arg>
<arg>admin</arg>
<doc>Types the given ``text`` into the text field identified by ``locator``.</doc>
<status status="PASS" start="2024-07-11T12:13:42.187551" elapsed="0.281140"/>
</kw>
<kw name="Input Text" owner="SeleniumLibrary">
<msg time="2024-07-11T12:13:42.469424" level="INFO">Typing text 'admin123' into text field 'xpath=//input[@placeholder='Password']'.</msg>
<arg>xpath=//input[@placeholder='Password']</arg>
<arg>admin123</arg>
<doc>Types the given ``text`` into the text field identified by ``locator``.</doc>
<status status="PASS" start="2024-07-11T12:13:42.468935" elapsed="0.105605"/>
</kw>
<kw name="Sleep" owner="BuiltIn">
<msg time="2024-07-11T12:13:45.575350" level="INFO">Slept 3 seconds.</msg>
<arg>3</arg>
<doc>Pauses the test executed for the given time.</doc>
<status status="PASS" start="2024-07-11T12:13:42.574869" elapsed="3.000609"/>
</kw>
<kw name="Capture Element Screenshot" owner="SeleniumLibrary">
<msg time="2024-07-11T12:13:45.691011" level="INFO" html="true">&lt;/td&gt;&lt;/tr&gt;&lt;tr&gt;&lt;td colspan="3"&gt;&lt;a href="11-logo.png"&gt;&lt;img src="11-logo.png" width="400px"&gt;&lt;/a&gt;</msg>
<arg>xpath=//img[@alt='company-branding']</arg>
<arg>logo.png</arg>
<doc>Captures a screenshot from the element identified by ``locator`` and embeds it into log file.</doc>
<status status="PASS" start="2024-07-11T12:13:45.575768" elapsed="0.115374"/>
</kw>
<kw name="Capture Page Screenshot" owner="SeleniumLibrary">
<msg time="2024-07-11T12:13:45.806533" level="INFO" html="true">&lt;/td&gt;&lt;/tr&gt;&lt;tr&gt;&lt;td colspan="3"&gt;&lt;a href="11-page.png"&gt;&lt;img src="11-page.png" width="800px"&gt;&lt;/a&gt;</msg>
<arg>page.png</arg>
<doc>Takes a screenshot of the current page and embeds it into a log file.</doc>
<status status="PASS" start="2024-07-11T12:13:45.691422" elapsed="0.115246"/>
</kw>
<kw name="Close All Browsers" owner="SeleniumLibrary">
<doc>Closes all open browsers and resets the browser cache.</doc>
<status status="PASS" start="2024-07-11T12:13:45.806892" elapsed="0.098423"/>
</kw>
<status status="PASS" start="2024-07-11T12:13:36.617531" elapsed="9.288327"/>
</test>
<doc>Simple example using SeleniumLibrary.</doc>
<status status="PASS" start="2024-07-11T12:13:36.408003" elapsed="9.498596"/>
</suite>
<suite id="s1-s13" name="SetupTeardown" source="/Users/amirouchemadaoui/PycharmProjects/RobotFramework/TestCases/SetupTeardown.robot">
<kw name="Log To Console" owner="BuiltIn" type="SETUP">
<arg>Opening browser suite setup</arg>
<doc>Logs the given message to the console.</doc>
<status status="PASS" start="2024-07-11T12:13:37.139133" elapsed="0.000233"/>
</kw>
<test id="s1-s13-t1" name="TC1: prepaid Recharge" line="9">
<kw name="Log To Console" owner="BuiltIn" type="SETUP">
<arg>login to app test setup</arg>
<doc>Logs the given message to the console.</doc>
<status status="PASS" start="2024-07-11T12:13:37.139881" elapsed="0.000181"/>
</kw>
<kw name="Log To Console" owner="BuiltIn">
<arg>this is tc1</arg>
<doc>Logs the given message to the console.</doc>
<status status="PASS" start="2024-07-11T12:13:37.140195" elapsed="0.000841"/>
</kw>
<kw name="Log To Console" owner="BuiltIn" type="TEARDOWN">
<arg>logout from app test teardown</arg>
<doc>Logs the given message to the console.</doc>
<status status="PASS" start="2024-07-11T12:13:37.141234" elapsed="0.000186"/>
</kw>
<tag>sanity</tag>
<status status="PASS" start="2024-07-11T12:13:37.139521" elapsed="0.001971"/>
</test>
<test id="s1-s13-t2" name="TC2: Postpaid Recharge" line="12">
<kw name="Log To Console" owner="BuiltIn" type="SETUP">
<arg>login to app test setup</arg>
<doc>Logs the given message to the console.</doc>
<status status="PASS" start="2024-07-11T12:13:37.142056" elapsed="0.000178"/>
</kw>
<kw name="Log To Console" owner="BuiltIn">
<arg>this is TC2</arg>
<doc>Logs the given message to the console.</doc>
<status status="PASS" start="2024-07-11T12:13:37.142362" elapsed="0.000164"/>
</kw>
<kw name="Log To Console" owner="BuiltIn" type="TEARDOWN">
<arg>logout from app test teardown</arg>
<doc>Logs the given message to the console.</doc>
<status status="PASS" start="2024-07-11T12:13:37.142725" elapsed="0.000169"/>
</kw>
<tag>regression</tag>
<status status="PASS" start="2024-07-11T12:13:37.141751" elapsed="0.001213"/>
</test>
<test id="s1-s13-t3" name="TC3: search" line="15">
<kw name="Log To Console" owner="BuiltIn" type="SETUP">
<arg>login to app test setup</arg>
<doc>Logs the given message to the console.</doc>
<status status="PASS" start="2024-07-11T12:13:37.143925" elapsed="0.003027"/>
</kw>
<kw name="Log To Console" owner="BuiltIn">
<arg>this is TC3</arg>
<doc>Logs the given message to the console.</doc>
<status status="PASS" start="2024-07-11T12:13:37.147269" elapsed="0.000582"/>
</kw>
<kw name="Log To Console" owner="BuiltIn" type="TEARDOWN">
<arg>logout from app test teardown</arg>
<doc>Logs the given message to the console.</doc>
<status status="PASS" start="2024-07-11T12:13:37.148232" elapsed="0.000409"/>
</kw>
<tag>regression</tag>
<status status="PASS" start="2024-07-11T12:13:37.143288" elapsed="0.005470"/>
</test>
<test id="s1-s13-t4" name="TC4: Advanced search" line="18">
<kw name="Log To Console" owner="BuiltIn" type="SETUP">
<arg>login to app test setup</arg>
<doc>Logs the given message to the console.</doc>
<status status="PASS" start="2024-07-11T12:13:37.170518" elapsed="0.000554"/>
</kw>
<kw name="Log To Console" owner="BuiltIn">
<arg>this is TC4clear</arg>
<doc>Logs the given message to the console.</doc>
<status status="PASS" start="2024-07-11T12:13:37.171382" elapsed="0.018746"/>
</kw>
<kw name="Log To Console" owner="BuiltIn" type="TEARDOWN">
<arg>logout from app test teardown</arg>
<doc>Logs the given message to the console.</doc>
<status status="PASS" start="2024-07-11T12:13:37.193466" elapsed="0.024164"/>
</kw>
<tag>sanity</tag>
<status status="PASS" start="2024-07-11T12:13:37.169845" elapsed="0.048158"/>
</test>
<kw name="Log To Console" owner="BuiltIn" type="TEARDOWN">
<arg>Closing Browser suite teardown</arg>
<doc>Logs the given message to the console.</doc>
<status status="PASS" start="2024-07-11T12:13:37.274262" elapsed="0.033918"/>
</kw>
<status status="PASS" start="2024-07-11T12:13:37.137667" elapsed="0.170803"/>
</suite>
<suite id="s1-s14" name="Tabbedwindow" source="/Users/amirouchemadaoui/PycharmProjects/RobotFramework/TestCases/Tabbedwindow.robot">
<test id="s1-s14-t1" name="Handling Navigation Keywords" line="30">
<kw name="Open Browser" owner="SeleniumLibrary">
<msg time="2024-07-11T12:13:38.317624" level="INFO">Opening browser 'chrome' to base url 'http://www.google.com/'.</msg>
<arg>http://www.google.com/</arg>
<arg>chrome</arg>
<doc>Opens a new browser instance to the optional ``url``.</doc>
<status status="PASS" start="2024-07-11T12:13:38.317087" elapsed="2.901742"/>
</kw>
<kw name="Get Location" owner="SeleniumLibrary">
<msg time="2024-07-11T12:13:41.225477" level="INFO">${loc} = https://www.google.com/</msg>
<var>${loc}</var>
<doc>Returns the current browser window URL.</doc>
<status status="PASS" start="2024-07-11T12:13:41.219417" elapsed="0.006126"/>
</kw>
<kw name="Maximize Browser Window" owner="SeleniumLibrary">
<doc>Maximizes current browser window.</doc>
<status status="PASS" start="2024-07-11T12:13:41.225825" elapsed="0.379685"/>
</kw>
<kw name="Input Text" owner="SeleniumLibrary">
<msg time="2024-07-11T12:13:41.606461" level="INFO">Typing text 'schools' into text field 'id=APjFqb'.</msg>
<arg>id=APjFqb</arg>
<arg>schools</arg>
<doc>Types the given ``text`` into the text field identified by ``locator``.</doc>
<status status="PASS" start="2024-07-11T12:13:41.605849" elapsed="0.141792"/>
</kw>
<kw name="Press Keys" owner="SeleniumLibrary">
<msg time="2024-07-11T12:13:41.748527" level="INFO">Sending key(s) ('ENTER',) to id=APjFqb element.</msg>
<msg time="2024-07-11T12:13:42.043491" level="INFO">Pressing special key ENTER to element.</msg>
<msg time="2024-07-11T12:13:42.043640" level="INFO">Releasing special key ENTER.</msg>
<arg>id=APjFqb</arg>
<arg>ENTER</arg>
<doc>Simulates the user pressing key(s) to an element or on the active browser.</doc>
<status status="PASS" start="2024-07-11T12:13:41.747921" elapsed="1.382784"/>
</kw>
<kw name="Log To Console" owner="BuiltIn">
<arg>${loc}</arg>
<doc>Logs the given message to the console.</doc>
<status status="PASS" start="2024-07-11T12:13:43.130979" elapsed="0.000538"/>
</kw>
<kw name="Go Back" owner="SeleniumLibrary">
<doc>Simulates the user clicking the back button on their browser.</doc>
<status status="PASS" start="2024-07-11T12:13:43.131803" elapsed="0.056232"/>
</kw>
<kw name="Sleep" owner="BuiltIn">
<msg time="2024-07-11T12:13:53.189137" level="INFO">Slept 10 seconds.</msg>
<arg>10</arg>
<doc>Pauses the test executed for the given time.</doc>
<status status="PASS" start="2024-07-11T12:13:43.188466" elapsed="10.000813"/>
</kw>
<kw name="Input Text" owner="SeleniumLibrary">
<msg time="2024-07-11T12:13:53.189860" level="INFO">Typing text 'maps' into text field 'id=APjFqb'.</msg>
<arg>id=APjFqb</arg>
<arg>maps</arg>
<doc>Types the given ``text`` into the text field identified by ``locator``.</doc>
<status status="PASS" start="2024-07-11T12:13:53.189523" elapsed="0.084971"/>
</kw>
<kw name="Press Keys" owner="SeleniumLibrary">
<msg time="2024-07-11T12:13:53.275270" level="INFO">Sending key(s) ('ENTER',) to id=APjFqb element.</msg>
<msg time="2024-07-11T12:13:53.574178" level="INFO">Pressing special key ENTER to element.</msg>
<msg time="2024-07-11T12:13:53.574422" level="INFO">Releasing special key ENTER.</msg>
<arg>id=APjFqb</arg>
<arg>ENTER</arg>
<doc>Simulates the user pressing key(s) to an element or on the active browser.</doc>
<status status="PASS" start="2024-07-11T12:13:53.274777" elapsed="0.899991"/>
</kw>
<kw name="Go To" owner="SeleniumLibrary">
<msg time="2024-07-11T12:13:54.177021" level="INFO">Opening url 'http://www.bing.com/'</msg>
<arg>http://www.bing.com/</arg>
<doc>Navigates the current browser window to the provided ``url``.</doc>
<status status="PASS" start="2024-07-11T12:13:54.176503" elapsed="0.518877"/>
</kw>
<kw name="Get Location" owner="SeleniumLibrary">
<msg time="2024-07-11T12:13:54.723273" level="INFO">${loc} = https://www.bing.com/</msg>
<var>${loc}</var>
<doc>Returns the current browser window URL.</doc>
<status status="PASS" start="2024-07-11T12:13:54.695825" elapsed="0.027575"/>
</kw>
<kw name="Maximize Browser Window" owner="SeleniumLibrary">
<doc>Maximizes current browser window.</doc>
<status status="PASS" start="2024-07-11T12:13:54.735092" elapsed="0.055267"/>
</kw>
<kw name="Input Text" owner="SeleniumLibrary">
<msg time="2024-07-11T12:13:54.791284" level="INFO">Typing text 'bing' into text field 'id=sb_form_q'.</msg>
<arg>id=sb_form_q</arg>
<arg>bing</arg>
<doc>Types the given ``text`` into the text field identified by ``locator``.</doc>
<status status="PASS" start="2024-07-11T12:13:54.790812" elapsed="0.171856"/>
</kw>
<kw name="Press Keys" owner="SeleniumLibrary">
<msg time="2024-07-11T12:13:54.964313" level="INFO">Sending key(s) ('ENTER',) to id=sb_form_q element.</msg>
<msg time="2024-07-11T12:13:55.270425" level="INFO">Pressing special key ENTER to element.</msg>
<msg time="2024-07-11T12:13:55.270535" level="INFO">Releasing special key ENTER.</msg>
<arg>id=sb_form_q</arg>
<arg>ENTER</arg>
<doc>Simulates the user pressing key(s) to an element or on the active browser.</doc>
<status status="PASS" start="2024-07-11T12:13:54.963361" elapsed="1.100338"/>
</kw>
<kw name="Sleep" owner="BuiltIn">
<msg time="2024-07-11T12:13:59.064696" level="INFO">Slept 3 seconds.</msg>
<arg>3</arg>
<doc>Pauses the test executed for the given time.</doc>
<status status="PASS" start="2024-07-11T12:13:56.064181" elapsed="3.000663"/>
</kw>
<kw name="Log To Console" owner="BuiltIn">
<arg>${loc}</arg>
<doc>Logs the given message to the console.</doc>
<status status="PASS" start="2024-07-11T12:13:59.065079" elapsed="0.001800"/>
</kw>
<kw name="Sleep" owner="BuiltIn">
<msg time="2024-07-11T12:14:02.067937" level="INFO">Slept 3 seconds.</msg>
<arg>3</arg>
<doc>Pauses the test executed for the given time.</doc>
<status status="PASS" start="2024-07-11T12:13:59.067187" elapsed="3.000962"/>
</kw>
<kw name="Go Back" owner="SeleniumLibrary">
<doc>Simulates the user clicking the back button on their browser.</doc>
<status status="PASS" start="2024-07-11T12:14:02.068568" elapsed="0.187064"/>
</kw>
<kw name="Close All Browsers" owner="SeleniumLibrary">
<doc>Closes all open browsers and resets the browser cache.</doc>
<status status="PASS" start="2024-07-11T12:14:02.255980" elapsed="0.260519"/>
</kw>
<status status="PASS" start="2024-07-11T12:13:38.296739" elapsed="24.220064"/>
</test>
<doc>Simple example using SeleniumLibrary.</doc>
<status status="PASS" start="2024-07-11T12:13:38.145355" elapsed="24.372059"/>
</suite>
<suite id="s1-s15" name="Userkeywords" source="/Users/amirouchemadaoui/PycharmProjects/RobotFramework/TestCases/Userkeywords.robot">
<test id="s1-s15-t1" name="TC1" line="9">
<kw name="launchBrowser" owner="src">
<kw name="Open Browser" owner="SeleniumLibrary">
<msg time="2024-07-11T12:13:46.451012" level="INFO">Opening browser 'chrome' to base url 'https://demo.guru99.com/test/newtours/'.</msg>
<arg>${appUrl}</arg>
<arg>${appBrowser}</arg>
<doc>Opens a new browser instance to the optional ``url``.</doc>
<status status="PASS" start="2024-07-11T12:13:46.450733" elapsed="4.176935"/>
</kw>
<kw name="Maximize Browser Window" owner="SeleniumLibrary">
<doc>Maximizes current browser window.</doc>
<status status="PASS" start="2024-07-11T12:13:50.628775" elapsed="0.394520"/>
</kw>
<kw name="Get Title" owner="SeleniumLibrary">
<msg time="2024-07-11T12:13:51.034936" level="INFO">${title} = Welcome: Mercury Tours</msg>
<var>${title}</var>
<doc>Returns the title of the current page.</doc>
<status status="PASS" start="2024-07-11T12:13:51.023587" elapsed="0.011430"/>
</kw>
<return>
<value>${title}</value>
<status status="PASS" start="2024-07-11T12:13:51.035200" elapsed="0.000156"/>
</return>
<msg time="2024-07-11T12:13:51.035725" level="INFO">${pageTitle} = Welcome: Mercury Tours</msg>
<var>${pageTitle}</var>
<arg>${url}</arg>
<arg>${browser}</arg>
<status status="PASS" start="2024-07-11T12:13:46.449818" elapsed="4.585957"/>
</kw>
<kw name="Log" owner="BuiltIn">
<msg time="2024-07-11T12:13:51.036815" level="INFO">Welcome: Mercury Tours</msg>
<arg>${pageTitle}</arg>
<doc>Logs the given message with the given level.</doc>
<status status="PASS" start="2024-07-11T12:13:51.036059" elapsed="0.000906"/>
</kw>
<kw name="Input Text" owner="SeleniumLibrary">
<msg time="2024-07-11T12:13:51.038366" level="INFO">Typing text 'mercury' into text field 'userName'.</msg>
<arg>userName</arg>
<arg>mercury</arg>
<doc>Types the given ``text`` into the text field identified by ``locator``.</doc>
<status status="PASS" start="2024-07-11T12:13:51.037331" elapsed="0.533446"/>
</kw>
<kw name="Input Text" owner="SeleniumLibrary">
<msg time="2024-07-11T12:13:51.572563" level="INFO">Typing text 'mercury' into text field 'password'.</msg>
<arg>password</arg>
<arg>mercury</arg>
<doc>Types the given ``text`` into the text field identified by ``locator``.</doc>
<status status="PASS" start="2024-07-11T12:13:51.571836" elapsed="0.253673"/>
</kw>
<kw name="Close All Browsers" owner="SeleniumLibrary">
<doc>Closes all open browsers and resets the browser cache.</doc>
<status status="PASS" start="2024-07-11T12:13:51.826036" elapsed="0.157297"/>
</kw>
<status status="PASS" start="2024-07-11T12:13:46.449332" elapsed="5.534307"/>
</test>
<doc>Simple example using SeleniumLibrary.</doc>
<status status="PASS" start="2024-07-11T12:13:46.317748" elapsed="5.666480"/>
</suite>
<suite id="s1-s16" name="getAllLinks" source="/Users/amirouchemadaoui/PycharmProjects/RobotFramework/TestCases/getAllLinks.robot">
<test id="s1-s16-t1" name="TC1" line="9">
<kw name="launchBrowser" owner="src">
<kw name="Open Browser" owner="SeleniumLibrary">
<msg time="2024-07-11T12:13:52.704432" level="INFO">Opening browser 'chrome' to base url 'https://demo.guru99.com/test/newtours/'.</msg>
<arg>${appUrl}</arg>
<arg>${appBrowser}</arg>
<doc>Opens a new browser instance to the optional ``url``.</doc>
<status status="PASS" start="2024-07-11T12:13:52.704003" elapsed="4.748196"/>
</kw>
<kw name="Maximize Browser Window" owner="SeleniumLibrary">
<doc>Maximizes current browser window.</doc>
<status status="PASS" start="2024-07-11T12:13:57.453202" elapsed="0.519112"/>
</kw>
<kw name="Get Title" owner="SeleniumLibrary">
<msg time="2024-07-11T12:13:57.992143" level="INFO">${title} = Welcome: Mercury Tours</msg>
<var>${title}</var>
<doc>Returns the title of the current page.</doc>
<status status="PASS" start="2024-07-11T12:13:57.972983" elapsed="0.019288"/>
</kw>
<return>
<value>${title}</value>
<status status="PASS" start="2024-07-11T12:13:57.992556" elapsed="0.000319"/>
</return>
<msg time="2024-07-11T12:13:57.993422" level="INFO">${pageTitle} = Welcome: Mercury Tours</msg>
<var>${pageTitle}</var>
<arg>${url}</arg>
<arg>${browser}</arg>
<status status="PASS" start="2024-07-11T12:13:52.702837" elapsed="5.290674"/>
</kw>
<kw name="Get Element Count" owner="SeleniumLibrary">
<msg time="2024-07-11T12:13:58.269585" level="INFO">${Count} = 61</msg>
<var>${Count}</var>
<arg>xpath=//a</arg>
<doc>Returns the number of elements matching ``locator``.</doc>
<status status="PASS" start="2024-07-11T12:13:57.993960" elapsed="0.275776"/>
</kw>
<kw name="Log To Console" owner="BuiltIn">
<arg>${Count}</arg>
<doc>Logs the given message to the console.</doc>
<status status="PASS" start="2024-07-11T12:13:58.270365" elapsed="0.000749"/>
</kw>
<kw name="Create List" owner="BuiltIn">
<msg time="2024-07-11T12:13:58.272342" level="INFO">@{linkItems} = [ ]</msg>
<var>@{linkItems}</var>
<doc>Returns a list containing given items.</doc>
<status status="PASS" start="2024-07-11T12:13:58.271696" elapsed="0.000738"/>
</kw>
<for flavor="IN RANGE">
<iter>
<kw name="Get Text" owner="SeleniumLibrary">
<msg time="2024-07-11T12:13:58.311555" level="INFO">${linkText} = </msg>
<var>${linkText}</var>
<arg>xpath=(//a)[${i}]</arg>
<doc>Returns the text value of the element identified by ``locator``.</doc>
<status status="PASS" start="2024-07-11T12:13:58.273864" elapsed="0.037792"/>
</kw>
<kw name="Log To Console" owner="BuiltIn">
<arg>${LinkText}</arg>
<doc>Logs the given message to the console.</doc>
<status status="PASS" start="2024-07-11T12:13:58.312017" elapsed="0.000551"/>
</kw>
<var name="${i}">1</var>
<status status="PASS" start="2024-07-11T12:13:58.273516" elapsed="0.039212"/>
</iter>
<iter>
<kw name="Get Text" owner="SeleniumLibrary">
<msg time="2024-07-11T12:13:58.350780" level="INFO">${linkText} = Demo Site</msg>
<var>${linkText}</var>
<arg>xpath=(//a)[${i}]</arg>
<doc>Returns the text value of the element identified by ``locator``.</doc>
<status status="PASS" start="2024-07-11T12:13:58.314115" elapsed="0.036928"/>
</kw>
<kw name="Log To Console" owner="BuiltIn">
<arg>${LinkText}</arg>
<doc>Logs the given message to the console.</doc>
<status status="PASS" start="2024-07-11T12:13:58.351568" elapsed="0.000640"/>
</kw>
<var name="${i}">2</var>
<status status="PASS" start="2024-07-11T12:13:58.313166" elapsed="0.039214"/>
</iter>
<iter>
<kw name="Get Text" owner="SeleniumLibrary">
<msg time="2024-07-11T12:13:58.376524" level="INFO">${linkText} = </msg>
<var>${linkText}</var>
<arg>xpath=(//a)[${i}]</arg>
<doc>Returns the text value of the element identified by ``locator``.</doc>
<status status="PASS" start="2024-07-11T12:13:58.352997" elapsed="0.023642"/>
</kw>
<kw name="Log To Console" owner="BuiltIn">
<arg>${LinkText}</arg>
<doc>Logs the given message to the console.</doc>
<status status="PASS" start="2024-07-11T12:13:58.376915" elapsed="0.000395"/>
</kw>
<var name="${i}">3</var>
<status status="PASS" start="2024-07-11T12:13:58.352709" elapsed="0.024699"/>
</iter>
<iter>
<kw name="Get Text" owner="SeleniumLibrary">
<msg time="2024-07-11T12:13:58.398038" level="INFO">${linkText} = Testing</msg>
<var>${linkText}</var>
<arg>xpath=(//a)[${i}]</arg>
<doc>Returns the text value of the element identified by ``locator``.</doc>
<status status="PASS" start="2024-07-11T12:13:58.377870" elapsed="0.020310"/>
</kw>
<kw name="Log To Console" owner="BuiltIn">
<arg>${LinkText}</arg>
<doc>Logs the given message to the console.</doc>
<status status="PASS" start="2024-07-11T12:13:58.398564" elapsed="0.000533"/>
</kw>
<var name="${i}">4</var>
<status status="PASS" start="2024-07-11T12:13:58.377653" elapsed="0.021634"/>
</iter>
<iter>
<kw name="Get Text" owner="SeleniumLibrary">
<msg time="2024-07-11T12:13:58.440738" level="INFO">${linkText} = </msg>
<var>${linkText}</var>
<arg>xpath=(//a)[${i}]</arg>
<doc>Returns the text value of the element identified by ``locator``.</doc>
<status status="PASS" start="2024-07-11T12:13:58.400386" elapsed="0.040518"/>
</kw>
<kw name="Log To Console" owner="BuiltIn">
<arg>${LinkText}</arg>
<doc>Logs the given message to the console.</doc>
<status status="PASS" start="2024-07-11T12:13:58.441500" elapsed="0.000651"/>
</kw>
<var name="${i}">5</var>
<status status="PASS" start="2024-07-11T12:13:58.399978" elapsed="0.042347"/>
</iter>
<iter>
<kw name="Get Text" owner="SeleniumLibrary">
[...]
<msg time="2024-07-11T12:14:00.014182" level="INFO">${linkText} = Car Rentals</msg>
<var>${linkText}</var>
<arg>xpath=(//a)[${i}]</arg>
<doc>Returns the text value of the element identified by ``locator``.</doc>
<status status="PASS" start="2024-07-11T12:13:59.989924" elapsed="0.024320"/>
</kw>
<kw name="Log To Console" owner="BuiltIn">
<arg>${LinkText}</arg>
<doc>Logs the given message to the console.</doc>
<status status="PASS" start="2024-07-11T12:14:00.014466" elapsed="0.000342"/>
</kw>
<var name="${i}">49</var>
<status status="PASS" start="2024-07-11T12:13:59.989737" elapsed="0.025156"/>
</iter>
<iter>
<kw name="Get Text" owner="SeleniumLibrary">
<msg time="2024-07-11T12:14:00.034133" level="INFO">${linkText} = Cruises</msg>
<var>${linkText}</var>
<arg>xpath=(//a)[${i}]</arg>
<doc>Returns the text value of the element identified by ``locator``.</doc>
<status status="PASS" start="2024-07-11T12:14:00.015204" elapsed="0.018992"/>
</kw>
<kw name="Log To Console" owner="BuiltIn">
<arg>${LinkText}</arg>
<doc>Logs the given message to the console.</doc>
<status status="PASS" start="2024-07-11T12:14:00.034518" elapsed="0.000340"/>
</kw>
<var name="${i}">50</var>
<status status="PASS" start="2024-07-11T12:14:00.015053" elapsed="0.019890"/>
</iter>
<iter>
<kw name="Get Text" owner="SeleniumLibrary">
<msg time="2024-07-11T12:14:00.056236" level="INFO">${linkText} = Destinations</msg>
<var>${linkText}</var>
<arg>xpath=(//a)[${i}]</arg>
<doc>Returns the text value of the element identified by ``locator``.</doc>
<status status="PASS" start="2024-07-11T12:14:00.035270" elapsed="0.021036"/>
</kw>
<kw name="Log To Console" owner="BuiltIn">
<arg>${LinkText}</arg>
<doc>Logs the given message to the console.</doc>
<status status="PASS" start="2024-07-11T12:14:00.056621" elapsed="0.000351"/>
</kw>
<var name="${i}">51</var>
<status status="PASS" start="2024-07-11T12:14:00.035111" elapsed="0.021951"/>
</iter>
<iter>
<kw name="Get Text" owner="SeleniumLibrary">
<msg time="2024-07-11T12:14:00.079010" level="INFO">${linkText} = Vacations</msg>
<var>${linkText}</var>
<arg>xpath=(//a)[${i}]</arg>
<doc>Returns the text value of the element identified by ``locator``.</doc>
<status status="PASS" start="2024-07-11T12:14:00.057394" elapsed="0.021676"/>
</kw>
<kw name="Log To Console" owner="BuiltIn">
<arg>${LinkText}</arg>
<doc>Logs the given message to the console.</doc>
<status status="PASS" start="2024-07-11T12:14:00.079299" elapsed="0.000325"/>
</kw>
<var name="${i}">52</var>
<status status="PASS" start="2024-07-11T12:14:00.057241" elapsed="0.022473"/>
</iter>
<iter>
<kw name="Get Text" owner="SeleniumLibrary">
<msg time="2024-07-11T12:14:00.098884" level="INFO">${linkText} = SIGN-ON</msg>
<var>${linkText}</var>
<arg>xpath=(//a)[${i}]</arg>
<doc>Returns the text value of the element identified by ``locator``.</doc>
<status status="PASS" start="2024-07-11T12:14:00.080026" elapsed="0.018920"/>
</kw>
<kw name="Log To Console" owner="BuiltIn">
<arg>${LinkText}</arg>
<doc>Logs the given message to the console.</doc>
<status status="PASS" start="2024-07-11T12:14:00.099182" elapsed="0.000353"/>
</kw>
<var name="${i}">53</var>
<status status="PASS" start="2024-07-11T12:14:00.079875" elapsed="0.019749"/>
</iter>
<iter>
<kw name="Get Text" owner="SeleniumLibrary">
<msg time="2024-07-11T12:14:00.124010" level="INFO">${linkText} = REGISTER</msg>
<var>${linkText}</var>
<arg>xpath=(//a)[${i}]</arg>
<doc>Returns the text value of the element identified by ``locator``.</doc>
<status status="PASS" start="2024-07-11T12:14:00.099932" elapsed="0.024138"/>
</kw>
<kw name="Log To Console" owner="BuiltIn">
<arg>${LinkText}</arg>
<doc>Logs the given message to the console.</doc>
<status status="PASS" start="2024-07-11T12:14:00.124374" elapsed="0.000456"/>
</kw>
<var name="${i}">54</var>
<status status="PASS" start="2024-07-11T12:14:00.099783" elapsed="0.025152"/>
</iter>
<iter>
<kw name="Get Text" owner="SeleniumLibrary">
<msg time="2024-07-11T12:14:00.146116" level="INFO">${linkText} = SUPPORT</msg>
<var>${linkText}</var>
<arg>xpath=(//a)[${i}]</arg>
<doc>Returns the text value of the element identified by ``locator``.</doc>
<status status="PASS" start="2024-07-11T12:14:00.125325" elapsed="0.020893"/>
</kw>
<kw name="Log To Console" owner="BuiltIn">
<arg>${LinkText}</arg>
<doc>Logs the given message to the console.</doc>
<status status="PASS" start="2024-07-11T12:14:00.146480" elapsed="0.000398"/>
</kw>
<var name="${i}">55</var>
<status status="PASS" start="2024-07-11T12:14:00.125100" elapsed="0.021869"/>
</iter>
<iter>
<kw name="Get Text" owner="SeleniumLibrary">
<msg time="2024-07-11T12:14:00.174969" level="INFO">${linkText} = CONTACT</msg>
<var>${linkText}</var>
<arg>xpath=(//a)[${i}]</arg>
<doc>Returns the text value of the element identified by ``locator``.</doc>
<status status="PASS" start="2024-07-11T12:14:00.147349" elapsed="0.027757"/>
</kw>
<kw name="Log To Console" owner="BuiltIn">
<arg>${LinkText}</arg>
<doc>Logs the given message to the console.</doc>
<status status="PASS" start="2024-07-11T12:14:00.175419" elapsed="0.000398"/>
</kw>
<var name="${i}">56</var>
<status status="PASS" start="2024-07-11T12:14:00.147146" elapsed="0.028763"/>
</iter>
<iter>
<kw name="Get Text" owner="SeleniumLibrary">
<msg time="2024-07-11T12:14:00.198509" level="INFO">${linkText} = your destination</msg>
<var>${linkText}</var>
<arg>xpath=(//a)[${i}]</arg>
<doc>Returns the text value of the element identified by ``locator``.</doc>
<status status="PASS" start="2024-07-11T12:14:00.176501" elapsed="0.022067"/>
</kw>
<kw name="Log To Console" owner="BuiltIn">
<arg>${LinkText}</arg>
<doc>Logs the given message to the console.</doc>
<status status="PASS" start="2024-07-11T12:14:00.198808" elapsed="0.000348"/>
</kw>
<var name="${i}">57</var>
<status status="PASS" start="2024-07-11T12:14:00.176189" elapsed="0.023047"/>
</iter>
<iter>
<kw name="Get Text" owner="SeleniumLibrary">
<msg time="2024-07-11T12:14:00.222021" level="INFO">${linkText} = featured vacation destinations</msg>
<var>${linkText}</var>
<arg>xpath=(//a)[${i}]</arg>
<doc>Returns the text value of the element identified by ``locator``.</doc>
<status status="PASS" start="2024-07-11T12:14:00.199589" elapsed="0.022521"/>
</kw>
<kw name="Log To Console" owner="BuiltIn">
<arg>${LinkText}</arg>
<doc>Logs the given message to the console.</doc>
<status status="PASS" start="2024-07-11T12:14:00.222480" elapsed="0.000566"/>
</kw>
<var name="${i}">58</var>
<status status="PASS" start="2024-07-11T12:14:00.199393" elapsed="0.023809"/>
</iter>
<iter>
<kw name="Get Text" owner="SeleniumLibrary">
<msg time="2024-07-11T12:14:00.245735" level="INFO">${linkText} = Register here</msg>
<var>${linkText}</var>
<arg>xpath=(//a)[${i}]</arg>
<doc>Returns the text value of the element identified by ``locator``.</doc>
<status status="PASS" start="2024-07-11T12:14:00.223789" elapsed="0.022020"/>
</kw>
<kw name="Log To Console" owner="BuiltIn">
<arg>${LinkText}</arg>
<doc>Logs the given message to the console.</doc>
<status status="PASS" start="2024-07-11T12:14:00.246032" elapsed="0.000372"/>
</kw>
<var name="${i}">59</var>
<status status="PASS" start="2024-07-11T12:14:00.223525" elapsed="0.023054"/>
</iter>
<iter>
<kw name="Get Text" owner="SeleniumLibrary">
<msg time="2024-07-11T12:14:00.266048" level="INFO">${linkText} = Business Travel @ About.com</msg>
<var>${linkText}</var>
<arg>xpath=(//a)[${i}]</arg>
<doc>Returns the text value of the element identified by ``locator``.</doc>
<status status="PASS" start="2024-07-11T12:14:00.246944" elapsed="0.019165"/>
</kw>
<kw name="Log To Console" owner="BuiltIn">
<arg>${LinkText}</arg>
<doc>Logs the given message to the console.</doc>
<status status="PASS" start="2024-07-11T12:14:00.266331" elapsed="0.000318"/>
</kw>
<var name="${i}">60</var>
<status status="PASS" start="2024-07-11T12:14:00.246781" elapsed="0.019949"/>
</iter>
<iter>
<kw name="Get Text" owner="SeleniumLibrary">
<msg time="2024-07-11T12:14:00.289156" level="INFO">${linkText} = Salon Travel</msg>
<var>${linkText}</var>
<arg>xpath=(//a)[${i}]</arg>
<doc>Returns the text value of the element identified by ``locator``.</doc>
<status status="PASS" start="2024-07-11T12:14:00.267046" elapsed="0.022189"/>
</kw>
<kw name="Log To Console" owner="BuiltIn">
<arg>${LinkText}</arg>
<doc>Logs the given message to the console.</doc>
<status status="PASS" start="2024-07-11T12:14:00.289495" elapsed="0.000332"/>
</kw>
<var name="${i}">61</var>
<status status="PASS" start="2024-07-11T12:14:00.266896" elapsed="0.023077"/>
</iter>
<var>${i}</var>
<value>1</value>
<value>${Count}+1</value>
<status status="PASS" start="2024-07-11T12:13:58.272713" elapsed="2.017454"/>
</for>
<status status="PASS" start="2024-07-11T12:13:52.702228" elapsed="7.588283"/>
</test>
<doc>Simple example using SeleniumLibrary.</doc>
<status status="PASS" start="2024-07-11T12:13:52.553719" elapsed="7.737613"/>
</suite>
<suite id="s1-s17" name="mouseManipulation" source="/Users/amirouchemadaoui/PycharmProjects/RobotFramework/TestCases/mouseManipulation.robot">
<test id="s1-s17-t1" name="Right click" line="9">
<kw name="Open Browser" owner="SeleniumLibrary">
<msg time="2024-07-11T12:14:01.118378" level="INFO">Opening browser 'chrome' to base url 'https://swisnl.github.io/jQuery-contextMenu/demo.html'.</msg>
<arg>${url}</arg>
<arg>${browser}</arg>
<doc>Opens a new browser instance to the optional ``url``.</doc>
<status status="PASS" start="2024-07-11T12:14:01.117956" elapsed="2.672474"/>
</kw>
<kw name="Maximize Browser Window" owner="SeleniumLibrary">
<doc>Maximizes current browser window.</doc>
<status status="PASS" start="2024-07-11T12:14:03.791129" elapsed="0.380240"/>
</kw>
<kw name="Open Context Menu" owner="SeleniumLibrary">
<arg>xpath=//span[@class='context-menu-one btn btn-neutral']</arg>
<doc>Opens the context menu on the element identified by ``locator``.</doc>
<status status="PASS" start="2024-07-11T12:14:04.171783" elapsed="0.300938"/>
</kw>
<kw name="Click Element" owner="SeleniumLibrary">
<msg time="2024-07-11T12:14:04.473957" level="INFO">Clicking element 'xpath=/html/body/ul/li[3]/span'.</msg>
<arg>xpath=/html/body/ul/li[3]/span</arg>
<doc>Click the element identified by ``locator``.</doc>
<status status="PASS" start="2024-07-11T12:14:04.473164" elapsed="0.127473"/>
</kw>
<kw name="Handle Alert" owner="SeleniumLibrary">
<msg time="2024-07-11T12:14:04.601574" level="INFO">HANDLE::&lt;class 'NoneType'&gt;::None</msg>
<arg>accept</arg>
<doc>Handles the current alert and returns its message.</doc>
<status status="PASS" start="2024-07-11T12:14:04.601059" elapsed="0.013270"/>
</kw>
<status status="PASS" start="2024-07-11T12:14:01.097705" elapsed="3.518077"/>
</test>
<test id="s1-s17-t2" name="Double click" line="20">
<kw name="Go To" owner="SeleniumLibrary">
<msg time="2024-07-11T12:14:04.631991" level="INFO">Opening url 'https://testautomationpractice.blogspot.com/'</msg>
<arg>https://testautomationpractice.blogspot.com/</arg>
<doc>Navigates the current browser window to the provided ``url``.</doc>
<status status="PASS" start="2024-07-11T12:14:04.631568" elapsed="5.512009"/>
</kw>
<kw name="Maximize Browser Window" owner="SeleniumLibrary">
<doc>Maximizes current browser window.</doc>
<status status="PASS" start="2024-07-11T12:14:10.144100" elapsed="0.006426"/>
</kw>
<kw name="Double Click Element" owner="SeleniumLibrary">
<msg time="2024-07-11T12:14:10.151584" level="INFO">Double clicking element 'xpath=//button[normalize-space()='Copy Text']'.</msg>
<arg>xpath=//button[normalize-space()='Copy Text']</arg>
<doc>Double clicks the element identified by ``locator``.</doc>
<status status="PASS" start="2024-07-11T12:14:10.150950" elapsed="5.300728"/>
</kw>
<status status="PASS" start="2024-07-11T12:14:04.630387" elapsed="10.821566"/>
</test>
<test id="s1-s17-t3" name="Drag and drop" line="25">
<kw name="Drag And Drop" owner="SeleniumLibrary">
<arg>id=draggable</arg>
<arg>id=droppable</arg>
<doc>Drags the element identified by ``locator`` into the ``target`` element.</doc>
<status status="PASS" start="2024-07-11T12:14:15.452812" elapsed="10.556580"/>
</kw>
<kw name="Get Text" owner="SeleniumLibrary">
<arg>xpath=//div[@id='droppable']</arg>
<doc>Returns the text value of the element identified by ``locator``.</doc>
<status status="PASS" start="2024-07-11T12:14:26.009684" elapsed="0.023185"/>
</kw>
<kw name="Sleep" owner="BuiltIn">
<msg time="2024-07-11T12:14:36.034193" level="INFO">Slept 10 seconds.</msg>
<arg>10</arg>
<doc>Pauses the test executed for the given time.</doc>
<status status="PASS" start="2024-07-11T12:14:26.033140" elapsed="10.001195"/>
</kw>
<status status="PASS" start="2024-07-11T12:14:15.452352" elapsed="20.582226"/>
</test>
<doc>Simple example using SeleniumLibrary.</doc>
<status status="PASS" start="2024-07-11T12:14:00.918335" elapsed="35.116960"/>
</suite>
<suite id="s1-s18" name="tableValidation" source="/Users/amirouchemadaoui/PycharmProjects/RobotFramework/TestCases/tableValidation.robot">
<test id="s1-s18-t1" name="TC1" line="9">
<kw name="launchBrowser" owner="src">
<kw name="Open Browser" owner="SeleniumLibrary">
<msg time="2024-07-11T12:14:03.456704" level="INFO">Opening browser 'chrome' to base url 'https://testautomationpractice.blogspot.com/'.</msg>
<arg>${appUrl}</arg>
<arg>${appBrowser}</arg>
<doc>Opens a new browser instance to the optional ``url``.</doc>
<status status="PASS" start="2024-07-11T12:14:03.456336" elapsed="6.637691"/>
</kw>
<kw name="Maximize Browser Window" owner="SeleniumLibrary">
<doc>Maximizes current browser window.</doc>
<status status="PASS" start="2024-07-11T12:14:10.095286" elapsed="0.160455"/>
</kw>
<kw name="Get Title" owner="SeleniumLibrary">
<msg time="2024-07-11T12:14:10.263010" level="INFO">${title} = Automation Testing Practice</msg>
<var>${title}</var>
<doc>Returns the title of the current page.</doc>
<status status="PASS" start="2024-07-11T12:14:10.256053" elapsed="0.007045"/>
</kw>
<return>
<value>${title}</value>
<status status="PASS" start="2024-07-11T12:14:10.263271" elapsed="0.000216"/>
</return>
<arg>${url}</arg>
<arg>${browser}</arg>
<status status="PASS" start="2024-07-11T12:14:03.455081" elapsed="6.808841"/>
</kw>
<kw name="Get Element Count" owner="SeleniumLibrary">
<msg time="2024-07-11T12:14:10.280964" level="INFO">${rows} = 7</msg>
<var>${rows}</var>
<arg>xpath=//table[@name='BookTable']/tbody/tr</arg>
<doc>Returns the number of elements matching ``locator``.</doc>
<status status="PASS" start="2024-07-11T12:14:10.264261" elapsed="0.016775"/>
</kw>
<kw name="Get Element Count" owner="SeleniumLibrary">
<msg time="2024-07-11T12:14:10.295595" level="INFO">${cols} = 4</msg>
<var>${cols}</var>
<arg>xpath=//table[@name='BookTable']/tbody/tr[1]/th</arg>
<doc>Returns the number of elements matching ``locator``.</doc>
<status status="PASS" start="2024-07-11T12:14:10.281398" elapsed="0.014319"/>
</kw>
<kw name="Log To Console" owner="BuiltIn">
<arg>${rows}</arg>
<doc>Logs the given message to the console.</doc>
<status status="PASS" start="2024-07-11T12:14:10.296160" elapsed="0.000714"/>
</kw>
<kw name="Log To Console" owner="BuiltIn">
<arg>${cols}</arg>
<doc>Logs the given message to the console.</doc>
<status status="PASS" start="2024-07-11T12:14:10.297221" elapsed="0.000460"/>
</kw>
<kw name="Get Text" owner="SeleniumLibrary">
<msg time="2024-07-11T12:14:10.332183" level="INFO">${el1} = Master In Selenium</msg>
<var>${el1}</var>
<arg>xpath=//table[@name='BookTable']/tbody/tr[5]/td[1]</arg>
<doc>Returns the text value of the element identified by ``locator``.</doc>
<status status="PASS" start="2024-07-11T12:14:10.297949" elapsed="0.034305"/>
</kw>
<kw name="Log To Console" owner="BuiltIn">
<arg>${el1}</arg>
<doc>Logs the given message to the console.</doc>
<status status="PASS" start="2024-07-11T12:14:10.332524" elapsed="0.000377"/>
</kw>
<status status="PASS" start="2024-07-11T12:14:03.454116" elapsed="6.879040"/>
</test>
<test id="s1-s18-t2" name="TC2" line="17">
<kw name="Table Column Should Contain" owner="SeleniumLibrary">
<arg>xpath=//table[@name=('BookTable')]</arg>
<arg>2</arg>
<arg>Amit</arg>
<doc>Verifies table column contains text ``expected``.</doc>
<status status="PASS" start="2024-07-11T12:14:10.334121" elapsed="0.074603"/>
</kw>
<kw name="Table Row Should Contain" owner="SeleniumLibrary">
<arg>xpath=//table[@name='BookTable']</arg>
<arg>5</arg>
<arg>3000</arg>
<doc>Verifies that table row contains text ``expected``.</doc>
<status status="PASS" start="2024-07-11T12:14:10.409014" elapsed="0.049968"/>
</kw>
<kw name="Table Cell Should Contain" owner="SeleniumLibrary">
<msg time="2024-07-11T12:14:10.522624" level="INFO">Table cell contains '1000'.</msg>
<arg>xpath=//table[@name='BookTable']</arg>
<arg>7</arg>
<arg>4</arg>
<arg>1000</arg>
<doc>Verifies table cell contains text ``expected``.</doc>
<status status="PASS" start="2024-07-11T12:14:10.459437" elapsed="0.063325"/>
</kw>
<status status="PASS" start="2024-07-11T12:14:10.333602" elapsed="0.189537"/>
</test>
<doc>Simple example using SeleniumLibrary.</doc>
<status status="PASS" start="2024-07-11T12:14:03.211814" elapsed="7.312085"/>
</suite>
<doc>[https://pabot.org/?ref=log|Pabot] result from 18 executions.</doc>
<status status="FAIL" start="2024-07-11T12:12:57.191000" elapsed="14.358886"/>
</suite>
<statistics>
<total>
<stat pass="30" fail="3" skip="0">All Tests</stat>
</total>
<tag>
<stat pass="2" fail="0" skip="0">regression</stat>
<stat pass="2" fail="0" skip="0">sanity</stat>
</tag>
<suite>
<stat pass="30" fail="3" skip="0" id="s1" name="TestCases">TestCases</stat>
<stat pass="1" fail="0" skip="0" id="s1-s1" name="Alerts">TestCases.Alerts</stat>
<stat pass="3" fail="1" skip="0" id="s1-s2" name="DBTesting">TestCases.DBTesting</stat>
<stat pass="5" fail="0" skip="0" id="s1-s3" name="DDT1">TestCases.DDT1</stat>
<stat pass="3" fail="0" skip="0" id="s1-s4" name="DDT2 excel">TestCases.DDT2 excel</stat>
<stat pass="1" fail="0" skip="0" id="s1-s5" name="Forloop">TestCases.Forloop</stat>
<stat pass="1" fail="0" skip="0" id="s1-s6" name="Frames">TestCases.Frames</stat>
<stat pass="1" fail="0" skip="0" id="s1-s7" name="InputBox">TestCases.InputBox</stat>
<stat pass="1" fail="0" skip="0" id="s1-s8" name="Introduction">TestCases.Introduction</stat>
<stat pass="1" fail="0" skip="0" id="s1-s9" name="LoginTest">TestCases.LoginTest</stat>
<stat pass="0" fail="1" skip="0" id="s1-s10" name="RadioBtn">TestCases.RadioBtn</stat>
<stat pass="0" fail="1" skip="0" id="s1-s11" name="RegisterPageTest">TestCases.RegisterPageTest</stat>
<stat pass="1" fail="0" skip="0" id="s1-s12" name="Scshot">TestCases.Scshot</stat>
<stat pass="4" fail="0" skip="0" id="s1-s13" name="SetupTeardown">TestCases.SetupTeardown</stat>
<stat pass="1" fail="0" skip="0" id="s1-s14" name="Tabbedwindow">TestCases.Tabbedwindow</stat>
<stat pass="1" fail="0" skip="0" id="s1-s15" name="Userkeywords">TestCases.Userkeywords</stat>
<stat pass="1" fail="0" skip="0" id="s1-s16" name="getAllLinks">TestCases.getAllLinks</stat>
<stat pass="3" fail="0" skip="0" id="s1-s17" name="mouseManipulation">TestCases.mouseManipulation</stat>
<stat pass="2" fail="0" skip="0" id="s1-s18" name="tableValidation">TestCases.tableValidation</stat>
</suite>
</statistics>
<errors>
<msg time="2024-07-11T12:13:46.448029" level="WARN">Error in file '/Users/amirouchemadaoui/PycharmProjects/RobotFramework/Resources/src.robot' on line 10: The '[Return]' setting is deprecated. Use the 'RETURN' statement instead.</msg>
<msg time="2024-07-11T12:13:52.700690" level="WARN">Error in file '/Users/amirouchemadaoui/PycharmProjects/RobotFramework/Resources/src.robot' on line 10: The '[Return]' setting is deprecated. Use the 'RETURN' statement instead.</msg>
<msg time="2024-07-11T12:14:03.417296" level="WARN">Error in file '/Users/amirouchemadaoui/PycharmProjects/RobotFramework/Resources/src.robot' on line 10: The '[Return]' setting is deprecated. Use the 'RETURN' statement instead.</msg>
</errors>
</robot>
