<?xml version="1.0" encoding="UTF-8"?>
<robot generator="Robot 7.0.1 (Python 3.9.6 on darwin)" generated="2024-07-11T12:51:32.332685" rpa="false" schemaversion="5">
<suite id="s1" name="TestCases" source="/Users/amirouchemadaoui/PycharmProjects/RobotFramework/TestCases">
<suite id="s1-s1" name="Alerts" source="/Users/amirouchemadaoui/PycharmProjects/RobotFramework/TestCases/Alerts.robot">
<test id="s1-s1-t1" name="Handling Alerts" line="9">
<kw name="Open Browser" owner="SeleniumLibrary">
<msg time="2024-07-11T12:51:32.593822" level="INFO">Opening browser 'chrome' to base url 'https://seleniumpractise.blogspot.com/'.</msg>
<arg>${url}</arg>
<arg>${browser}</arg>
<doc>Opens a new browser instance to the optional ``url``.</doc>
<status status="PASS" start="2024-07-11T12:51:32.593496" elapsed="4.241055"/>
</kw>
<kw name="Click Element" owner="SeleniumLibrary">
<msg time="2024-07-11T12:51:36.836152" level="INFO">Clicking element 'xpath=//*[@id="post-body-9011060868494634961"]/button'.</msg>
<arg>xpath=//*[@id="post-body-9011060868494634961"]/button</arg>
<doc>Click the element identified by ``locator``.</doc>
<status status="PASS" start="2024-07-11T12:51:36.835310" elapsed="0.046751"/>
</kw>
<kw name="Sleep" owner="BuiltIn">
<msg time="2024-07-11T12:51:47.883253" level="INFO">Slept 11 seconds.</msg>
<arg>11</arg>
<doc>Pauses the test executed for the given time.</doc>
<status status="PASS" start="2024-07-11T12:51:36.882468" elapsed="11.000909"/>
</kw>
<kw name="Handle Alert" owner="SeleniumLibrary">
<msg time="2024-07-11T12:51:47.883883" level="INFO">HANDLE::&lt;class 'NoneType'&gt;::None</msg>
<arg>accept</arg>
<doc>Handles the current alert and returns its message.</doc>
<status status="PASS" start="2024-07-11T12:51:47.883637" elapsed="0.003449"/>
</kw>
<status status="PASS" start="2024-07-11T12:51:32.592601" elapsed="15.295002"/>
</test>
<doc>Simple example using SeleniumLibrary.</doc>
<status status="PASS" start="2024-07-11T12:51:32.361029" elapsed="15.527244"/>
</suite>
<status status="PASS" start="2024-07-11T12:51:32.339449" elapsed="15.549952"/>
</suite>
<statistics>
<total>
<stat pass="1" fail="0" skip="0">All Tests</stat>
</total>
<tag>
</tag>
<suite>
<stat pass="1" fail="0" skip="0" id="s1" name="TestCases">TestCases</stat>
<stat pass="1" fail="0" skip="0" id="s1-s1" name="Alerts">TestCases.Alerts</stat>
</suite>
</statistics>
<errors>
</errors>
</robot>
